#
# A fatal error has been detected by the Java Runtime Environment:
#
#  EXCEPTION_ACCESS_VIOLATION (0xc0000005) at pc=0x00007ffa96edf632, pid=6492, tid=11088
#
# JRE version: OpenJDK Runtime Environment Microsoft-7208460 (11.0.18+10) (build 11.0.18+10-LTS)
# Java VM: OpenJDK 64-Bit Server VM Microsoft-7208460 (11.0.18+10-LTS, mixed mode, tiered, compressed oops, g1 gc, windows-amd64)
# Problematic frame:
# V  [jvm.dll+0x7ef632]
#
# No core dump will be written. Minidumps are not enabled by default on client versions of Windows
#
# If you would like to submit a bug report, please visit:
#   https://github.com/microsoft/openjdk/issues
#

---------------  S U M M A R Y ------------

Command Line: -XX:MaxMetaspaceSize=512m --add-opens=java.base/java.util=ALL-UNNAMED --add-opens=java.base/java.lang=ALL-UNNAMED --add-opens=java.base/java.lang.invoke=ALL-UNNAMED --add-opens=java.base/java.util=ALL-UNNAMED --add-opens=java.prefs/java.util.prefs=ALL-UNNAMED --add-opens=java.prefs/java.util.prefs=ALL-UNNAMED --add-opens=java.base/java.nio.charset=ALL-UNNAMED --add-opens=java.base/java.net=ALL-UNNAMED --add-opens=java.base/java.util.concurrent.atomic=ALL-UNNAMED -Xmx2048m -Dfile.encoding=windows-1252 -Duser.country=US -Duser.language=en -Duser.variant org.gradle.launcher.daemon.bootstrap.GradleDaemon 7.5.1

Host: Intel(R) Core(TM) i7-4790 CPU @ 3.60GHz, 8 cores, 15G,  Windows 10 , 64 bit Build 19041 (10.0.19041.2788)
Time: Fri Apr 14 10:16:10 2023 Pacific Daylight Time elapsed time: 19.715149 seconds (0d 0h 0m 19s)

---------------  T H R E A D  ---------------

Current thread (0x000001d745e0a800):  GCTaskThread "GC Thread#2" [stack: 0x00000058bae00000,0x00000058baf00000] [id=11088]

Stack: [0x00000058bae00000,0x00000058baf00000],  sp=0x00000058baeff1c8,  free space=1020k
Native frames: (J=compiled Java code, j=interpreted, Vv=VM code, C=native code)
V  [jvm.dll+0x7ef632]


siginfo: EXCEPTION_ACCESS_VIOLATION (0xc0000005), data execution prevention violation at address 0x00007ffa96edf632


Register to memory mapping:

RIP=0x00007ffa96edf632 jvm.dll
RAX=0x00000000000001d7 is an unknown value
RBX=
[error occurred during error reporting (printing register info), id 0xc0000005, EXCEPTION_ACCESS_VIOLATION (0xc0000005) at pc=0x00007ffa969da806]

Registers:
RAX=0x00000000000001d7, RBX=0x00000000c5b3c398, RCX=0x00000058baeff460, RDX=0x00000000814b7f48
RSP=0x00000058baeff1c8, RBP=0x00000000814b7f48, RSI=0x00000000814b7f48, RDI=0x0000000000000000
R8 =0x000000010001a9a8, R9 =0x0000000000000000, R10=0x0000000000000020, R11=0x000001d74a430870
R12=0x00000058baeff460, R13=0x00007ffa966f0000, R14=0x000001d7234ba600, R15=0x00000000814dc400
RIP=0x00007ffa96edf632, EFLAGS=0x0000000000010202

Top of Stack: (sp=0x00000058baeff1c8)
0x00000058baeff1c8:   00007ffa96a07d11 00000058baeff4c0
0x00000058baeff1d8:   000001d723443350 0000000081432a08
0x00000058baeff1e8:   00007ffa96a09cd6 000001d72e3bc790
0x00000058baeff1f8:   00007ffa96cf282d 0000000081432400
0x00000058baeff208:   00007ffa96a48709 000001d72344b370
0x00000058baeff218:   0000000000000040 0000000000000014
0x00000058baeff228:   0000000000000040 0000000000000000
0x00000058baeff238:   0000000000000015 00000058baeff4c0
0x00000058baeff248:   00007ffa96a09b5c 00000000814dc200
0x00000058baeff258:   00000058baeff280 00000000814dc200
0x00000058baeff268:   000001d723478658 00000000814dc200
0x00000058baeff278:   0000000000000040 00000000814dc200
0x00000058baeff288:   0000000000000040 000001d7234f0b70
0x00000058baeff298:   000001d7234f0c18 000001d72343fef0
0x00000058baeff2a8:   000001d723443350 000000000000000f
0x00000058baeff2b8:   0000000000000000 0000000000000007 

Instructions: (pc=0x00007ffa96edf632)
0x00007ffa96edf532:   2d 2d 2d 2d 2d 2d 2d 2d 2d 2d 2d 2d 2d 2d 2d 2d
0x00007ffa96edf542:   2d 2d 2d 2d 2d 2d 2d 2d 2d 2d 2d 2d 2d 2d 2d 2d
0x00007ffa96edf552:   2d 2d 2d 2d 00 00 49 6e 74 65 72 70 72 65 74 65
0x00007ffa96edf562:   72 00 00 00 00 00 63 6f 64 65 20 73 69 7a 65 20
0x00007ffa96edf572:   20 20 20 20 20 20 20 3d 20 25 36 64 4b 20 62 79
0x00007ffa96edf582:   74 65 73 00 00 00 74 6f 74 61 6c 20 73 70 61 63
0x00007ffa96edf592:   65 20 20 20 20 20 20 3d 20 25 36 64 4b 20 62 79
0x00007ffa96edf5a2:   74 65 73 00 00 00 77 61 73 74 65 64 20 73 70 61
0x00007ffa96edf5b2:   63 65 20 20 20 20 20 3d 20 25 36 64 4b 20 62 79
0x00007ffa96edf5c2:   74 65 73 00 00 00 23 20 6f 66 20 63 6f 64 65 6c
0x00007ffa96edf5d2:   65 74 73 20 20 20 20 3d 20 25 36 64 00 00 61 76
0x00007ffa96edf5e2:   67 20 63 6f 64 65 6c 65 74 20 73 69 7a 65 20 3d
0x00007ffa96edf5f2:   20 25 36 64 20 62 79 74 65 73 00 00 00 00 2e 2f
0x00007ffa96edf602:   73 72 63 2f 68 6f 74 73 70 6f 74 2f 63 70 75 2f
0x00007ffa96edf612:   78 38 36 2f 61 62 73 74 72 61 63 74 49 6e 74 65
0x00007ffa96edf622:   72 70 72 65 74 65 72 5f 78 38 36 2e 63 70 70 00
0x00007ffa96edf632:   00 00 25 73 00 00 4f 70 65 6e 4a 44 4b 20 36 34
0x00007ffa96edf642:   2d 42 69 74 20 53 65 72 76 65 72 20 56 4d 00 00
0x00007ffa96edf652:   00 00 00 00 00 00 4d 69 63 72 6f 73 6f 66 74 00
0x00007ffa96edf662:   00 00 00 00 00 00 69 6e 74 65 72 70 72 65 74 65
0x00007ffa96edf672:   64 20 6d 6f 64 65 2c 20 73 68 61 72 69 6e 67 00
0x00007ffa96edf682:   00 00 00 00 00 00 69 6e 74 65 72 70 72 65 74 65
0x00007ffa96edf692:   64 20 6d 6f 64 65 00 00 00 00 00 00 00 00 6d 69
0x00007ffa96edf6a2:   78 65 64 20 6d 6f 64 65 2c 20 61 6f 74 2c 20 73
0x00007ffa96edf6b2:   68 61 72 69 6e 67 00 00 00 00 00 00 00 00 6d 69
0x00007ffa96edf6c2:   78 65 64 20 6d 6f 64 65 2c 20 65 6d 75 6c 61 74
0x00007ffa96edf6d2:   65 64 2d 63 6c 69 65 6e 74 2c 20 73 68 61 72 69
0x00007ffa96edf6e2:   6e 67 00 00 00 00 6d 69 78 65 64 20 6d 6f 64 65
0x00007ffa96edf6f2:   2c 20 73 68 61 72 69 6e 67 00 00 00 00 00 6d 69
0x00007ffa96edf702:   78 65 64 20 6d 6f 64 65 2c 20 61 6f 74 00 6d 69
0x00007ffa96edf712:   78 65 64 20 6d 6f 64 65 2c 20 65 6d 75 6c 61 74
0x00007ffa96edf722:   65 64 2d 63 6c 69 65 6e 74 00 00 00 00 00 6d 69 


Stack slot to memory mapping:
stack at sp + 0 slots: 0x00007ffa96a07d11 jvm.dll
stack at sp + 1 slots: 0x00000058baeff4c0 points into unknown readable memory: 0x00007ffa96fb6f40 | 40 6f fb 96 fa 7f 00 00
stack at sp + 2 slots: 0x000001d723443350 points into unknown readable memory: 0x00007ffa96fb0478 | 78 04 fb 96 fa 7f 00 00
stack at sp + 3 slots: 0x0000000081432a08 is an oop: java.util.concurrent.ConcurrentHashMap$Node 
{0x0000000081432a08} - klass: 'java/util/concurrent/ConcurrentHashMap$Node'
 - ---- fields (total size 4 words):
 - final 'hash' 'I' @12  1937836029 (738107fd)
 - final strict 'key' 'Ljava/lang/Object;' @16  a 'jdk/internal/loader/AbstractClassLoaderValue$Sub'{0x0000000080f42e10} (80f42e10)
 - volatile strict 'val' 'Ljava/lang/Object;' @20  a 'java/lang/reflect/Constructor'{0x0000000080f42e28} (80f42e28)
 - volatile strict 'next' 'Ljava/util/concurrent/ConcurrentHashMap$Node;' @24  NULL (0)
stack at sp + 4 slots: 0x00007ffa96a09cd6 jvm.dll
stack at sp + 5 slots: 0x000001d72e3bc790 is at entry_point+-624 in (nmethod*)0x000001d72e3bc790
stack at sp + 6 slots: 0x00007ffa96cf282d jvm.dll
stack at sp + 7 slots: 0x0000000081432400 is pointing into object: [Ljava.util.concurrent.ConcurrentHashMap$Node; 
{0x0000000081432270} - klass: 'java/util/concurrent/ConcurrentHashMap$Node'[]
 - length: 128


---------------  P R O C E S S  ---------------

Threads class SMR info:
_java_thread_list=0x000001d748ac6830, length=77, elements={
0x000001d723435800, 0x000001d74452e000, 0x000001d744d69000, 0x000001d744dbc800,
0x000001d744dbe000, 0x000001d744dbf000, 0x000001d744dc2000, 0x000001d744dce800,
0x000001d744dd3800, 0x000001d744f35000, 0x000001d747bde800, 0x000001d747508000,
0x000001d7470f2000, 0x000001d746d7d800, 0x000001d747ac9000, 0x000001d7466bb800,
0x000001d747240000, 0x000001d746ee5800, 0x000001d747042800, 0x000001d747548000,
0x000001d7473a7800, 0x000001d7473a6800, 0x000001d7473a9000, 0x000001d7473a8800,
0x000001d7473aa000, 0x000001d7473a5000, 0x000001d7473a6000, 0x000001d7473a4800,
0x000001d7473ab000, 0x000001d7480b3800, 0x000001d7480b8800, 0x000001d7480b6800,
0x000001d7480b7800, 0x000001d7480b9000, 0x000001d7480ba000, 0x000001d7450a0800,
0x000001d7455b0000, 0x000001d7480bb000, 0x000001d7480b5000, 0x000001d7480c1800,
0x000001d7480bd000, 0x000001d7480bf800, 0x000001d7480c0800, 0x000001d7480bf000,
0x000001d7480bb800, 0x000001d7480bc800, 0x000001d74c374000, 0x000001d74c370000,
0x000001d74c375000, 0x000001d74c371000, 0x000001d74c36f000, 0x000001d74c373800,
0x000001d74c375800, 0x000001d74c376800, 0x000001d74c371800, 0x000001d74c377800,
0x000001d74c378000, 0x000001d74c372800, 0x000001d74c37a000, 0x000001d74c37d000,
0x000001d74c379000, 0x000001d74c37b800, 0x000001d74c37e000, 0x000001d74c37c000,
0x000001d74c37a800, 0x000001d74c185800, 0x000001d74c182800, 0x000001d74c187800,
0x000001d74c181800, 0x000001d74c183800, 0x000001d74c188000, 0x000001d74c189000,
0x000001d74c18a000, 0x000001d74c184000, 0x000001d74c185000, 0x000001d74c18a800,
0x000001d74c18b800
}

Java Threads: ( => current thread )
  0x000001d723435800 JavaThread "main" [_thread_blocked, id=88, stack(0x00000058b9a00000,0x00000058b9b00000)]
  0x000001d74452e000 JavaThread "Reference Handler" daemon [_thread_blocked, id=8228, stack(0x00000058ba100000,0x00000058ba200000)]
  0x000001d744d69000 JavaThread "Finalizer" daemon [_thread_blocked, id=7776, stack(0x00000058ba200000,0x00000058ba300000)]
  0x000001d744dbc800 JavaThread "Signal Dispatcher" daemon [_thread_blocked, id=10268, stack(0x00000058ba300000,0x00000058ba400000)]
  0x000001d744dbe000 JavaThread "Attach Listener" daemon [_thread_blocked, id=2404, stack(0x00000058ba400000,0x00000058ba500000)]
  0x000001d744dbf000 JavaThread "Service Thread" daemon [_thread_blocked, id=6672, stack(0x00000058ba500000,0x00000058ba600000)]
  0x000001d744dc2000 JavaThread "C2 CompilerThread0" daemon [_thread_blocked, id=7956, stack(0x00000058ba600000,0x00000058ba700000)]
  0x000001d744dce800 JavaThread "C1 CompilerThread0" daemon [_thread_blocked, id=5728, stack(0x00000058ba700000,0x00000058ba800000)]
  0x000001d744dd3800 JavaThread "Sweeper thread" daemon [_thread_blocked, id=8388, stack(0x00000058ba800000,0x00000058ba900000)]
  0x000001d744f35000 JavaThread "Common-Cleaner" daemon [_thread_blocked, id=5772, stack(0x00000058ba900000,0x00000058baa00000)]
  0x000001d747bde800 JavaThread "Daemon health stats" [_thread_blocked, id=10724, stack(0x00000058bb200000,0x00000058bb300000)]
  0x000001d747508000 JavaThread "Incoming local TCP Connector on port 54854" [_thread_in_native, id=9356, stack(0x00000058bb300000,0x00000058bb400000)]
  0x000001d7470f2000 JavaThread "Daemon periodic checks" [_thread_blocked, id=6312, stack(0x00000058bb400000,0x00000058bb500000)]
  0x000001d746d7d800 JavaThread "Daemon" [_thread_blocked, id=10880, stack(0x00000058bb500000,0x00000058bb600000)]
  0x000001d747ac9000 JavaThread "Handler for socket connection from /127.0.0.1:54854 to /127.0.0.1:54855" [_thread_in_native, id=8452, stack(0x00000058bb600000,0x00000058bb700000)]
  0x000001d7466bb800 JavaThread "Cancel handler" [_thread_blocked, id=2296, stack(0x00000058bb700000,0x00000058bb800000)]
  0x000001d747240000 JavaThread "Daemon worker" [_thread_blocked, id=2416, stack(0x00000058bb800000,0x00000058bb900000)]
  0x000001d746ee5800 JavaThread "Asynchronous log dispatcher for DefaultDaemonConnection: socket connection from /127.0.0.1:54854 to /127.0.0.1:54855" [_thread_blocked, id=4756, stack(0x00000058bb900000,0x00000058bba00000)]
  0x000001d747042800 JavaThread "Stdin handler" [_thread_blocked, id=11256, stack(0x00000058bba00000,0x00000058bbb00000)]
  0x000001d747548000 JavaThread "Daemon client event forwarder" [_thread_blocked, id=5424, stack(0x00000058bbb00000,0x00000058bbc00000)]
  0x000001d7473a7800 JavaThread "Cache worker for journal cache (C:\Users\HamzaTabani\.gradle\caches\journal-1)" [_thread_blocked, id=2788, stack(0x00000058bbc00000,0x00000058bbd00000)]
  0x000001d7473a6800 JavaThread "File lock request listener" [_thread_in_native, id=5668, stack(0x00000058bbd00000,0x00000058bbe00000)]
  0x000001d7473a9000 JavaThread "Cache worker for file hash cache (C:\Users\HamzaTabani\.gradle\caches\7.5.1\fileHashes)" [_thread_blocked, id=10408, stack(0x00000058bbe00000,0x00000058bbf00000)]
  0x000001d7473a8800 JavaThread "File watcher server" daemon [_thread_in_native, id=6680, stack(0x00000058bc200000,0x00000058bc300000)]
  0x000001d7473aa000 JavaThread "File watcher consumer" daemon [_thread_blocked, id=10844, stack(0x00000058bc300000,0x00000058bc400000)]
  0x000001d7473a5000 JavaThread "Cache worker for checksums cache (D:\Muhammad Hamza Tabani\Apps\CreatorsHub\android\.gradle\7.5.1\checksums)" [_thread_blocked, id=7728, stack(0x00000058bc400000,0x00000058bc500000)]
  0x000001d7473a6000 JavaThread "Cache worker for cache directory md-rule (C:\Users\HamzaTabani\.gradle\caches\7.5.1\md-rule)" [_thread_blocked, id=2012, stack(0x00000058bc500000,0x00000058bc600000)]
  0x000001d7473a4800 JavaThread "Cache worker for file content cache (C:\Users\HamzaTabani\.gradle\caches\7.5.1\fileContent)" [_thread_blocked, id=7488, stack(0x00000058bc600000,0x00000058bc700000)]
  0x000001d7473ab000 JavaThread "Cache worker for file hash cache (D:\Muhammad Hamza Tabani\Apps\CreatorsHub\android\.gradle\7.5.1\fileHashes)" [_thread_blocked, id=744, stack(0x00000058bc700000,0x00000058bc800000)]
  0x000001d7480b3800 JavaThread "Cache worker for cache directory md-supplier (C:\Users\HamzaTabani\.gradle\caches\7.5.1\md-supplier)" [_thread_blocked, id=8892, stack(0x00000058bc800000,0x00000058bc900000)]
  0x000001d7480b8800 JavaThread "Cache worker for execution history cache (C:\Users\HamzaTabani\.gradle\caches\7.5.1\executionHistory)" [_thread_blocked, id=6052, stack(0x00000058bc900000,0x00000058bca00000)]
  0x000001d7480b6800 JavaThread "jar transforms" [_thread_blocked, id=8436, stack(0x00000058bca00000,0x00000058bcb00000)]
  0x000001d7480b7800 JavaThread "jar transforms Thread 2" [_thread_blocked, id=1312, stack(0x00000058bcb00000,0x00000058bcc00000)]
  0x000001d7480b9000 JavaThread "jar transforms Thread 3" [_thread_blocked, id=8420, stack(0x00000058bac00000,0x00000058bad00000)]
  0x000001d7480ba000 JavaThread "jar transforms Thread 4" [_thread_blocked, id=6432, stack(0x00000058bcc00000,0x00000058bcd00000)]
  0x000001d7450a0800 JavaThread "C2 CompilerThread1" daemon [_thread_in_native, id=5480, stack(0x00000058bab00000,0x00000058bac00000)]
  0x000001d7455b0000 JavaThread "C2 CompilerThread2" daemon [_thread_blocked, id=7736, stack(0x00000058bcd00000,0x00000058bce00000)]
  0x000001d7480bb000 JavaThread "Cache worker for kotlin-dsl (C:\Users\HamzaTabani\.gradle\caches\7.5.1\kotlin-dsl)" [_thread_blocked, id=5740, stack(0x00000058bce00000,0x00000058bcf00000)]
  0x000001d7480b5000 JavaThread "jar transforms Thread 5" [_thread_blocked, id=2488, stack(0x00000058bcf00000,0x00000058bd000000)]
  0x000001d7480c1800 JavaThread "jar transforms Thread 6" [_thread_blocked, id=10932, stack(0x00000058bd000000,0x00000058bd100000)]
  0x000001d7480bd000 JavaThread "Cache worker for dependencies-accessors (D:\Muhammad Hamza Tabani\Apps\CreatorsHub\android\.gradle\7.5.1\dependencies-accessors)" [_thread_blocked, id=11124, stack(0x00000058bd100000,0x00000058bd200000)]
  0x000001d7480bf800 JavaThread "Cache worker for Build Output Cleanup Cache (D:\Muhammad Hamza Tabani\Apps\CreatorsHub\node_modules\react-native-gradle-plugin\.gradle\buildOutputCleanup)" [_thread_blocked, id=5280, stack(0x00000058bd200000,0x00000058bd300000)]
  0x000001d7480c0800 JavaThread "jar transforms Thread 7" [_thread_blocked, id=5628, stack(0x00000058bd300000,0x00000058bd400000)]
  0x000001d7480bf000 JavaThread "Unconstrained build operations" [_thread_blocked, id=7432, stack(0x00000058bd500000,0x00000058bd600000)]
  0x000001d7480bb800 JavaThread "Unconstrained build operations Thread 2" [_thread_blocked, id=6444, stack(0x00000058bd600000,0x00000058bd700000)]
  0x000001d7480bc800 JavaThread "Unconstrained build operations Thread 3" [_thread_blocked, id=6256, stack(0x00000058bd700000,0x00000058bd800000)]
  0x000001d74c374000 JavaThread "Unconstrained build operations Thread 4" [_thread_blocked, id=7660, stack(0x00000058bd800000,0x00000058bd900000)]
  0x000001d74c370000 JavaThread "Unconstrained build operations Thread 5" [_thread_blocked, id=7400, stack(0x00000058bd900000,0x00000058bda00000)]
  0x000001d74c375000 JavaThread "Unconstrained build operations Thread 6" [_thread_blocked, id=5900, stack(0x00000058bda00000,0x00000058bdb00000)]
  0x000001d74c371000 JavaThread "Unconstrained build operations Thread 7" [_thread_blocked, id=5400, stack(0x00000058bdb00000,0x00000058bdc00000)]
  0x000001d74c36f000 JavaThread "Unconstrained build operations Thread 8" [_thread_blocked, id=4076, stack(0x00000058bdc00000,0x00000058bdd00000)]
  0x000001d74c373800 JavaThread "Unconstrained build operations Thread 9" [_thread_blocked, id=6032, stack(0x00000058bdd00000,0x00000058bde00000)]
  0x000001d74c375800 JavaThread "Unconstrained build operations Thread 10" [_thread_blocked, id=8716, stack(0x00000058bde00000,0x00000058bdf00000)]
  0x000001d74c376800 JavaThread "Unconstrained build operations Thread 11" [_thread_blocked, id=5156, stack(0x00000058bdf00000,0x00000058be000000)]
  0x000001d74c371800 JavaThread "Unconstrained build operations Thread 12" [_thread_blocked, id=1592, stack(0x00000058be000000,0x00000058be100000)]
  0x000001d74c377800 JavaThread "Unconstrained build operations Thread 13" [_thread_blocked, id=7116, stack(0x00000058be100000,0x00000058be200000)]
  0x000001d74c378000 JavaThread "Unconstrained build operations Thread 14" [_thread_blocked, id=4016, stack(0x00000058be200000,0x00000058be300000)]
  0x000001d74c372800 JavaThread "Unconstrained build operations Thread 15" [_thread_blocked, id=7040, stack(0x00000058be300000,0x00000058be400000)]
  0x000001d74c37a000 JavaThread "Unconstrained build operations Thread 16" [_thread_blocked, id=2588, stack(0x00000058be400000,0x00000058be500000)]
  0x000001d74c37d000 JavaThread "Unconstrained build operations Thread 17" [_thread_blocked, id=2440, stack(0x00000058be500000,0x00000058be600000)]
  0x000001d74c379000 JavaThread "Unconstrained build operations Thread 18" [_thread_blocked, id=9732, stack(0x00000058be600000,0x00000058be700000)]
  0x000001d74c37b800 JavaThread "Unconstrained build operations Thread 19" [_thread_blocked, id=5044, stack(0x00000058be700000,0x00000058be800000)]
  0x000001d74c37e000 JavaThread "Unconstrained build operations Thread 20" [_thread_blocked, id=872, stack(0x00000058be800000,0x00000058be900000)]
  0x000001d74c37c000 JavaThread "Unconstrained build operations Thread 21" [_thread_blocked, id=1472, stack(0x00000058be900000,0x00000058bea00000)]
  0x000001d74c37a800 JavaThread "Unconstrained build operations Thread 22" [_thread_blocked, id=4356, stack(0x00000058bea00000,0x00000058beb00000)]
  0x000001d74c185800 JavaThread "Unconstrained build operations Thread 23" [_thread_blocked, id=9944, stack(0x00000058beb00000,0x00000058bec00000)]
  0x000001d74c182800 JavaThread "Unconstrained build operations Thread 24" [_thread_blocked, id=2144, stack(0x00000058bec00000,0x00000058bed00000)]
  0x000001d74c187800 JavaThread "Unconstrained build operations Thread 25" [_thread_blocked, id=8444, stack(0x00000058bed00000,0x00000058bee00000)]
  0x000001d74c181800 JavaThread "Unconstrained build operations Thread 26" [_thread_blocked, id=5892, stack(0x00000058bee00000,0x00000058bef00000)]
  0x000001d74c183800 JavaThread "Unconstrained build operations Thread 27" [_thread_blocked, id=3716, stack(0x00000058bef00000,0x00000058bf000000)]
  0x000001d74c188000 JavaThread "Unconstrained build operations Thread 28" [_thread_blocked, id=3032, stack(0x00000058bf000000,0x00000058bf100000)]
  0x000001d74c189000 JavaThread "Unconstrained build operations Thread 29" [_thread_blocked, id=10140, stack(0x00000058bf100000,0x00000058bf200000)]
  0x000001d74c18a000 JavaThread "Unconstrained build operations Thread 30" [_thread_blocked, id=3836, stack(0x00000058bf200000,0x00000058bf300000)]
  0x000001d74c184000 JavaThread "Unconstrained build operations Thread 31" [_thread_blocked, id=4344, stack(0x00000058bf300000,0x00000058bf400000)]
  0x000001d74c185000 JavaThread "Unconstrained build operations Thread 32" [_thread_blocked, id=10436, stack(0x00000058bf400000,0x00000058bf500000)]
  0x000001d74c18a800 JavaThread "Unconstrained build operations Thread 33" [_thread_blocked, id=5236, stack(0x00000058bf500000,0x00000058bf600000)]
  0x000001d74c18b800 JavaThread "jar transforms Thread 8" [_thread_blocked, id=6768, stack(0x00000058bf600000,0x00000058bf700000)]

Other Threads:
  0x000001d74452b000 VMThread "VM Thread" [stack: 0x00000058ba000000,0x00000058ba100000] [id=6784]
  0x000001d744f8f000 WatcherThread [stack: 0x00000058baa00000,0x00000058bab00000] [id=6676]
  0x000001d72344e800 GCTaskThread "GC Thread#0" [stack: 0x00000058b9b00000,0x00000058b9c00000] [id=6044]
  0x000001d745dca800 GCTaskThread "GC Thread#1" [stack: 0x00000058bad00000,0x00000058bae00000] [id=5080]
=>0x000001d745e0a800 GCTaskThread "GC Thread#2" [stack: 0x00000058bae00000,0x00000058baf00000] [id=11088]
  0x000001d74535c800 GCTaskThread "GC Thread#3" [stack: 0x00000058baf00000,0x00000058bb000000] [id=10312]
  0x000001d745c24800 GCTaskThread "GC Thread#4" [stack: 0x00000058bb000000,0x00000058bb100000] [id=5008]
  0x000001d7454f3000 GCTaskThread "GC Thread#5" [stack: 0x00000058bb100000,0x00000058bb200000] [id=10296]
  0x000001d74711a800 GCTaskThread "GC Thread#6" [stack: 0x00000058bbf00000,0x00000058bc000000] [id=4236]
  0x000001d74700a000 GCTaskThread "GC Thread#7" [stack: 0x00000058bc000000,0x00000058bc100000] [id=6716]
  0x000001d723481000 ConcurrentGCThread "G1 Main Marker" [stack: 0x00000058b9c00000,0x00000058b9d00000] [id=2672]
  0x000001d723482000 ConcurrentGCThread "G1 Conc#0" [stack: 0x00000058b9d00000,0x00000058b9e00000] [id=1984]
  0x000001d7463ba800 ConcurrentGCThread "G1 Conc#1" [stack: 0x00000058bc100000,0x00000058bc200000] [id=6796]
  0x000001d72350e000 ConcurrentGCThread "G1 Refine#0" [stack: 0x00000058b9e00000,0x00000058b9f00000] [id=8248]
  0x000001d7443c0800 ConcurrentGCThread "G1 Young RemSet Sampling" [stack: 0x00000058b9f00000,0x00000058ba000000] [id=10804]

Threads with active compile tasks:
C2 CompilerThread1    19730 5253       4       groovy.lang.MetaClassImpl$1MOPIter::methodNameAction (325 bytes)
C2 CompilerThread2    19730 5382       4       java.util.Arrays::binarySearch0 (95 bytes)

VM state:at safepoint (normal execution)

VM Mutex/Monitor currently owned by a thread:  ([mutex/lock_event])
[0x000001d723430920] Threads_lock - owner thread: 0x000001d74452b000
[0x000001d7234306e0] Heap_lock - owner thread: 0x000001d747240000

Heap address: 0x0000000080000000, size: 2048 MB, Compressed Oops mode: 32-bit
Narrow klass base: 0x0000000000000000, Narrow klass shift: 3
Compressed class space size: 528482304 Address: 0x0000000100000000

Heap:
 garbage-first heap   total 260096K, used 56403K [0x0000000080000000, 0x0000000100000000)
  region size 1024K, 26 young (26624K), 11 survivors (11264K)
 Metaspace       used 58616K, capacity 60092K, committed 60240K, reserved 569344K
  class space    used 7479K, capacity 8103K, committed 8192K, reserved 516096K
Heap Regions: E=young(eden), S=young(survivor), O=old, HS=humongous(starts), HC=humongous(continues), CS=collection set, F=free, A=archive, TAMS=top-at-mark-start (previous, next)
|   0|0x0000000080000000, 0x0000000080100000, 0x0000000080100000|100%| O|  |TAMS 0x0000000080100000, 0x0000000080100000| Untracked 
|   1|0x0000000080100000, 0x0000000080200000, 0x0000000080200000|100%| O|  |TAMS 0x0000000080200000, 0x0000000080200000| Untracked 
|   2|0x0000000080200000, 0x0000000080300000, 0x0000000080300000|100%| O|  |TAMS 0x0000000080300000, 0x0000000080300000| Untracked 
|   3|0x0000000080300000, 0x0000000080400000, 0x0000000080400000|100%|HS|  |TAMS 0x0000000080400000, 0x0000000080400000| Complete 
|   4|0x0000000080400000, 0x0000000080500000, 0x0000000080500000|100%|HC|  |TAMS 0x0000000080500000, 0x0000000080500000| Complete 
|   5|0x0000000080500000, 0x0000000080600000, 0x0000000080600000|100%|HC|  |TAMS 0x0000000080600000, 0x0000000080600000| Complete 
|   6|0x0000000080600000, 0x0000000080700000, 0x0000000080700000|100%| O|  |TAMS 0x0000000080700000, 0x0000000080700000| Untracked 
|   7|0x0000000080700000, 0x0000000080800000, 0x0000000080800000|100%| O|  |TAMS 0x0000000080800000, 0x0000000080800000| Untracked 
|   8|0x0000000080800000, 0x0000000080900000, 0x0000000080900000|100%| O|  |TAMS 0x0000000080900000, 0x0000000080900000| Untracked 
|   9|0x0000000080900000, 0x0000000080a00000, 0x0000000080a00000|100%| O|  |TAMS 0x0000000080a00000, 0x0000000080a00000| Untracked 
|  10|0x0000000080a00000, 0x0000000080b00000, 0x0000000080b00000|100%| O|  |TAMS 0x0000000080b00000, 0x0000000080b00000| Untracked 
|  11|0x0000000080b00000, 0x0000000080c00000, 0x0000000080c00000|100%| O|  |TAMS 0x0000000080c00000, 0x0000000080c00000| Untracked 
|  12|0x0000000080c00000, 0x0000000080d00000, 0x0000000080d00000|100%| O|  |TAMS 0x0000000080d00000, 0x0000000080d00000| Untracked 
|  13|0x0000000080d00000, 0x0000000080e00000, 0x0000000080e00000|100%| O|  |TAMS 0x0000000080e00000, 0x0000000080e00000| Untracked 
|  14|0x0000000080e00000, 0x0000000080f00000, 0x0000000080f00000|100%| O|  |TAMS 0x0000000080f00000, 0x0000000080f00000| Untracked 
|  15|0x0000000080f00000, 0x0000000081000000, 0x0000000081000000|100%| O|  |TAMS 0x0000000080ffbe00, 0x0000000081000000| Untracked 
|  16|0x0000000081000000, 0x0000000081100000, 0x0000000081100000|100%|HS|  |TAMS 0x0000000081000000, 0x0000000081100000| Complete 
|  17|0x0000000081100000, 0x0000000081200000, 0x0000000081200000|100%| O|  |TAMS 0x0000000081100000, 0x0000000081200000| Untracked 
|  18|0x0000000081200000, 0x0000000081300000, 0x0000000081300000|100%| O|  |TAMS 0x0000000081200000, 0x0000000081300000| Untracked 
|  19|0x0000000081300000, 0x0000000081400000, 0x0000000081400000|100%| O|  |TAMS 0x0000000081300000, 0x0000000081400000| Untracked 
|  20|0x0000000081400000, 0x0000000081500000, 0x0000000081500000|100%| O|  |TAMS 0x0000000081400000, 0x0000000081500000| Untracked 
|  21|0x0000000081500000, 0x0000000081600000, 0x0000000081600000|100%| O|  |TAMS 0x0000000081500000, 0x0000000081600000| Untracked 
|  22|0x0000000081600000, 0x0000000081700000, 0x0000000081700000|100%|HS|  |TAMS 0x0000000081600000, 0x0000000081700000| Complete 
|  23|0x0000000081700000, 0x0000000081800000, 0x0000000081800000|100%|HC|  |TAMS 0x0000000081700000, 0x0000000081800000| Complete 
|  24|0x0000000081800000, 0x0000000081900000, 0x0000000081900000|100%|HC|  |TAMS 0x0000000081800000, 0x0000000081900000| Complete 
|  25|0x0000000081900000, 0x0000000081a00000, 0x0000000081a00000|100%| O|  |TAMS 0x0000000081900000, 0x0000000081a00000| Untracked 
|  26|0x0000000081a00000, 0x0000000081b00000, 0x0000000081b00000|100%| O|  |TAMS 0x0000000081a00000, 0x0000000081b00000| Untracked 
|  27|0x0000000081b00000, 0x0000000081c00000, 0x0000000081c00000|100%| O|  |TAMS 0x0000000081b00000, 0x0000000081c00000| Untracked 
|  28|0x0000000081c00000, 0x0000000081d00000, 0x0000000081d00000|100%| O|  |TAMS 0x0000000081c00000, 0x0000000081d00000| Untracked 
|  29|0x0000000081d00000, 0x0000000081e00000, 0x0000000081e00000|100%| O|  |TAMS 0x0000000081d00000, 0x0000000081e00000| Untracked 
|  30|0x0000000081e00000, 0x0000000081f00000, 0x0000000081f00000|100%| O|  |TAMS 0x0000000081e00000, 0x0000000081f00000| Untracked 
|  31|0x0000000081f00000, 0x0000000081f35280, 0x0000000082000000| 20%| O|  |TAMS 0x0000000081f00000, 0x0000000082000000| Untracked 
|  32|0x0000000082000000, 0x0000000082000000, 0x0000000082100000|  0%| F|  |TAMS 0x0000000082000000, 0x0000000082000000| Untracked 
|  33|0x0000000082100000, 0x0000000082100000, 0x0000000082200000|  0%| F|  |TAMS 0x0000000082100000, 0x0000000082100000| Untracked 
|  34|0x0000000082200000, 0x0000000082200000, 0x0000000082300000|  0%| F|  |TAMS 0x0000000082200000, 0x0000000082200000| Untracked 
|  35|0x0000000082300000, 0x0000000082300000, 0x0000000082400000|  0%| F|  |TAMS 0x0000000082300000, 0x0000000082300000| Untracked 
|  36|0x0000000082400000, 0x0000000082400000, 0x0000000082500000|  0%| F|  |TAMS 0x0000000082400000, 0x0000000082400000| Untracked 
|  37|0x0000000082500000, 0x0000000082500000, 0x0000000082600000|  0%| F|  |TAMS 0x0000000082500000, 0x0000000082500000| Untracked 
|  38|0x0000000082600000, 0x0000000082600000, 0x0000000082700000|  0%| F|  |TAMS 0x0000000082600000, 0x0000000082600000| Untracked 
|  39|0x0000000082700000, 0x0000000082700000, 0x0000000082800000|  0%| F|  |TAMS 0x0000000082700000, 0x0000000082700000| Untracked 
|  40|0x0000000082800000, 0x0000000082800000, 0x0000000082900000|  0%| F|  |TAMS 0x0000000082800000, 0x0000000082800000| Untracked 
|  41|0x0000000082900000, 0x0000000082900000, 0x0000000082a00000|  0%| F|  |TAMS 0x0000000082900000, 0x0000000082900000| Untracked 
|  42|0x0000000082a00000, 0x0000000082a00000, 0x0000000082b00000|  0%| F|  |TAMS 0x0000000082a00000, 0x0000000082a00000| Untracked 
|  43|0x0000000082b00000, 0x0000000082b00000, 0x0000000082c00000|  0%| F|  |TAMS 0x0000000082b00000, 0x0000000082b00000| Untracked 
|  44|0x0000000082c00000, 0x0000000082c00000, 0x0000000082d00000|  0%| F|  |TAMS 0x0000000082c00000, 0x0000000082c00000| Untracked 
|  45|0x0000000082d00000, 0x0000000082d00000, 0x0000000082e00000|  0%| F|  |TAMS 0x0000000082d00000, 0x0000000082d00000| Untracked 
|  46|0x0000000082e00000, 0x0000000082e00000, 0x0000000082f00000|  0%| F|  |TAMS 0x0000000082e00000, 0x0000000082e00000| Untracked 
|  47|0x0000000082f00000, 0x0000000082f00000, 0x0000000083000000|  0%| F|  |TAMS 0x0000000082f00000, 0x0000000082f00000| Untracked 
|  48|0x0000000083000000, 0x0000000083000000, 0x0000000083100000|  0%| F|  |TAMS 0x0000000083000000, 0x0000000083000000| Untracked 
|  49|0x0000000083100000, 0x0000000083100000, 0x0000000083200000|  0%| F|  |TAMS 0x0000000083100000, 0x0000000083100000| Untracked 
|  50|0x0000000083200000, 0x0000000083200000, 0x0000000083300000|  0%| F|  |TAMS 0x0000000083200000, 0x0000000083200000| Untracked 
|  51|0x0000000083300000, 0x0000000083300000, 0x0000000083400000|  0%| F|  |TAMS 0x0000000083300000, 0x0000000083300000| Untracked 
|  52|0x0000000083400000, 0x0000000083400000, 0x0000000083500000|  0%| F|  |TAMS 0x0000000083400000, 0x0000000083400000| Untracked 
|  53|0x0000000083500000, 0x0000000083500000, 0x0000000083600000|  0%| F|  |TAMS 0x0000000083500000, 0x0000000083500000| Untracked 
|  54|0x0000000083600000, 0x0000000083600000, 0x0000000083700000|  0%| F|  |TAMS 0x0000000083600000, 0x0000000083600000| Untracked 
|  55|0x0000000083700000, 0x0000000083700000, 0x0000000083800000|  0%| F|  |TAMS 0x0000000083700000, 0x0000000083700000| Untracked 
|  56|0x0000000083800000, 0x0000000083800000, 0x0000000083900000|  0%| F|  |TAMS 0x0000000083800000, 0x0000000083800000| Untracked 
|  57|0x0000000083900000, 0x0000000083900000, 0x0000000083a00000|  0%| F|  |TAMS 0x0000000083900000, 0x0000000083900000| Untracked 
|  58|0x0000000083a00000, 0x0000000083a00000, 0x0000000083b00000|  0%| F|  |TAMS 0x0000000083a00000, 0x0000000083a00000| Untracked 
|  59|0x0000000083b00000, 0x0000000083b00000, 0x0000000083c00000|  0%| F|  |TAMS 0x0000000083b00000, 0x0000000083b00000| Untracked 
|  60|0x0000000083c00000, 0x0000000083c00000, 0x0000000083d00000|  0%| F|  |TAMS 0x0000000083c00000, 0x0000000083c00000| Untracked 
|  61|0x0000000083d00000, 0x0000000083d00000, 0x0000000083e00000|  0%| F|  |TAMS 0x0000000083d00000, 0x0000000083d00000| Untracked 
|  62|0x0000000083e00000, 0x0000000083e00000, 0x0000000083f00000|  0%| F|  |TAMS 0x0000000083e00000, 0x0000000083e00000| Untracked 
|  63|0x0000000083f00000, 0x0000000083f00000, 0x0000000084000000|  0%| F|  |TAMS 0x0000000083f00000, 0x0000000083f00000| Untracked 
|  64|0x0000000084000000, 0x0000000084000000, 0x0000000084100000|  0%| F|  |TAMS 0x0000000084000000, 0x0000000084000000| Untracked 
|  65|0x0000000084100000, 0x0000000084100000, 0x0000000084200000|  0%| F|  |TAMS 0x0000000084100000, 0x0000000084100000| Untracked 
|  66|0x0000000084200000, 0x0000000084200000, 0x0000000084300000|  0%| F|  |TAMS 0x0000000084200000, 0x0000000084200000| Untracked 
|  67|0x0000000084300000, 0x0000000084300000, 0x0000000084400000|  0%| F|  |TAMS 0x0000000084300000, 0x0000000084300000| Untracked 
|  68|0x0000000084400000, 0x0000000084400000, 0x0000000084500000|  0%| F|  |TAMS 0x0000000084400000, 0x0000000084400000| Untracked 
|  69|0x0000000084500000, 0x0000000084500000, 0x0000000084600000|  0%| F|  |TAMS 0x0000000084500000, 0x0000000084500000| Untracked 
|  70|0x0000000084600000, 0x0000000084600000, 0x0000000084700000|  0%| F|  |TAMS 0x0000000084600000, 0x0000000084600000| Untracked 
|  71|0x0000000084700000, 0x0000000084700000, 0x0000000084800000|  0%| F|  |TAMS 0x0000000084700000, 0x0000000084700000| Untracked 
|  72|0x0000000084800000, 0x0000000084800000, 0x0000000084900000|  0%| F|  |TAMS 0x0000000084800000, 0x0000000084800000| Untracked 
|  73|0x0000000084900000, 0x0000000084900000, 0x0000000084a00000|  0%| F|  |TAMS 0x0000000084900000, 0x0000000084900000| Untracked 
|  74|0x0000000084a00000, 0x0000000084a00000, 0x0000000084b00000|  0%| F|  |TAMS 0x0000000084a00000, 0x0000000084a00000| Untracked 
|  75|0x0000000084b00000, 0x0000000084b00000, 0x0000000084c00000|  0%| F|  |TAMS 0x0000000084b00000, 0x0000000084b00000| Untracked 
|  76|0x0000000084c00000, 0x0000000084c00000, 0x0000000084d00000|  0%| F|  |TAMS 0x0000000084c00000, 0x0000000084c00000| Untracked 
|  77|0x0000000084d00000, 0x0000000084d00000, 0x0000000084e00000|  0%| F|  |TAMS 0x0000000084d00000, 0x0000000084d00000| Untracked 
|  78|0x0000000084e00000, 0x0000000084e00000, 0x0000000084f00000|  0%| F|  |TAMS 0x0000000084e00000, 0x0000000084e00000| Untracked 
|  79|0x0000000084f00000, 0x0000000084f00000, 0x0000000085000000|  0%| F|  |TAMS 0x0000000084f00000, 0x0000000084f00000| Untracked 
|  80|0x0000000085000000, 0x0000000085000000, 0x0000000085100000|  0%| F|  |TAMS 0x0000000085000000, 0x0000000085000000| Untracked 
|  81|0x0000000085100000, 0x0000000085100000, 0x0000000085200000|  0%| F|  |TAMS 0x0000000085100000, 0x0000000085100000| Untracked 
|  82|0x0000000085200000, 0x0000000085200000, 0x0000000085300000|  0%| F|  |TAMS 0x0000000085200000, 0x0000000085200000| Untracked 
|  83|0x0000000085300000, 0x0000000085300000, 0x0000000085400000|  0%| F|  |TAMS 0x0000000085300000, 0x0000000085300000| Untracked 
|  84|0x0000000085400000, 0x0000000085400000, 0x0000000085500000|  0%| F|  |TAMS 0x0000000085400000, 0x0000000085400000| Untracked 
|  85|0x0000000085500000, 0x0000000085500000, 0x0000000085600000|  0%| F|  |TAMS 0x0000000085500000, 0x0000000085500000| Untracked 
|  86|0x0000000085600000, 0x0000000085600000, 0x0000000085700000|  0%| F|  |TAMS 0x0000000085600000, 0x0000000085600000| Untracked 
|  87|0x0000000085700000, 0x0000000085743350, 0x0000000085800000| 26%| E|CS|TAMS 0x0000000085700000, 0x0000000085743350| Complete 
|  88|0x0000000085800000, 0x0000000085900000, 0x0000000085900000|100%| E|CS|TAMS 0x0000000085800000, 0x0000000085900000| Complete 
|  89|0x0000000085900000, 0x0000000085a00000, 0x0000000085a00000|100%| E|CS|TAMS 0x0000000085900000, 0x0000000085a00000| Complete 
|  90|0x0000000085a00000, 0x0000000085b00000, 0x0000000085b00000|100%| E|CS|TAMS 0x0000000085a00000, 0x0000000085b00000| Complete 
|  91|0x0000000085b00000, 0x0000000085c00000, 0x0000000085c00000|100%| E|CS|TAMS 0x0000000085b00000, 0x0000000085c00000| Complete 
|  92|0x0000000085c00000, 0x0000000085d00000, 0x0000000085d00000|100%| E|CS|TAMS 0x0000000085c00000, 0x0000000085d00000| Complete 
|  93|0x0000000085d00000, 0x0000000085e00000, 0x0000000085e00000|100%| E|CS|TAMS 0x0000000085d00000, 0x0000000085e00000| Complete 
|  94|0x0000000085e00000, 0x0000000085f00000, 0x0000000085f00000|100%| E|CS|TAMS 0x0000000085e00000, 0x0000000085f00000| Complete 
|  95|0x0000000085f00000, 0x0000000086000000, 0x0000000086000000|100%| E|CS|TAMS 0x0000000085f00000, 0x0000000086000000| Complete 
|  96|0x0000000086000000, 0x0000000086100000, 0x0000000086100000|100%| E|CS|TAMS 0x0000000086000000, 0x0000000086100000| Complete 
|  97|0x0000000086100000, 0x0000000086200000, 0x0000000086200000|100%| E|CS|TAMS 0x0000000086100000, 0x0000000086200000| Complete 
|  98|0x0000000086200000, 0x0000000086300000, 0x0000000086300000|100%| E|CS|TAMS 0x0000000086200000, 0x0000000086300000| Complete 
|  99|0x0000000086300000, 0x0000000086400000, 0x0000000086400000|100%| E|CS|TAMS 0x0000000086300000, 0x0000000086400000| Complete 
| 100|0x0000000086400000, 0x0000000086500000, 0x0000000086500000|100%| E|CS|TAMS 0x0000000086400000, 0x0000000086500000| Complete 
| 101|0x0000000086500000, 0x0000000086600000, 0x0000000086600000|100%| E|CS|TAMS 0x0000000086500000, 0x0000000086600000| Complete 
| 102|0x0000000086600000, 0x0000000086700000, 0x0000000086700000|100%| E|CS|TAMS 0x0000000086600000, 0x0000000086700000| Complete 
| 103|0x0000000086700000, 0x0000000086800000, 0x0000000086800000|100%| E|CS|TAMS 0x0000000086700000, 0x0000000086800000| Complete 
| 104|0x0000000086800000, 0x0000000086800000, 0x0000000086900000|  0%| F|  |TAMS 0x0000000086800000, 0x0000000086800000| Untracked 
| 105|0x0000000086900000, 0x0000000086900000, 0x0000000086a00000|  0%| F|  |TAMS 0x0000000086900000, 0x0000000086900000| Untracked 
| 106|0x0000000086a00000, 0x0000000086a00000, 0x0000000086b00000|  0%| F|  |TAMS 0x0000000086a00000, 0x0000000086a00000| Untracked 
| 107|0x0000000086b00000, 0x0000000086b00000, 0x0000000086c00000|  0%| F|  |TAMS 0x0000000086b00000, 0x0000000086b00000| Untracked 
| 108|0x0000000086c00000, 0x0000000086c00000, 0x0000000086d00000|  0%| F|  |TAMS 0x0000000086c00000, 0x0000000086c00000| Untracked 
| 109|0x0000000086d00000, 0x0000000086d00000, 0x0000000086e00000|  0%| F|  |TAMS 0x0000000086d00000, 0x0000000086d00000| Untracked 
| 110|0x0000000086e00000, 0x0000000086e00000, 0x0000000086f00000|  0%| F|  |TAMS 0x0000000086e00000, 0x0000000086e00000| Untracked 
| 111|0x0000000086f00000, 0x0000000086f00000, 0x0000000087000000|  0%| F|  |TAMS 0x0000000086f00000, 0x0000000086f00000| Untracked 
| 112|0x0000000087000000, 0x0000000087000000, 0x0000000087100000|  0%| F|  |TAMS 0x0000000087000000, 0x0000000087000000| Untracked 
| 113|0x0000000087100000, 0x0000000087100000, 0x0000000087200000|  0%| F|  |TAMS 0x0000000087100000, 0x0000000087100000| Untracked 
| 114|0x0000000087200000, 0x0000000087200000, 0x0000000087300000|  0%| F|  |TAMS 0x0000000087200000, 0x0000000087200000| Untracked 
| 115|0x0000000087300000, 0x0000000087300000, 0x0000000087400000|  0%| F|  |TAMS 0x0000000087300000, 0x0000000087300000| Untracked 
| 116|0x0000000087400000, 0x0000000087400000, 0x0000000087500000|  0%| F|  |TAMS 0x0000000087400000, 0x0000000087400000| Untracked 
| 117|0x0000000087500000, 0x0000000087500000, 0x0000000087600000|  0%| F|  |TAMS 0x0000000087500000, 0x0000000087500000| Untracked 
| 118|0x0000000087600000, 0x0000000087600000, 0x0000000087700000|  0%| F|  |TAMS 0x0000000087600000, 0x0000000087600000| Untracked 
| 119|0x0000000087700000, 0x0000000087700000, 0x0000000087800000|  0%| F|  |TAMS 0x0000000087700000, 0x0000000087700000| Untracked 
| 120|0x0000000087800000, 0x0000000087800000, 0x0000000087900000|  0%| F|  |TAMS 0x0000000087800000, 0x0000000087800000| Untracked 
| 121|0x0000000087900000, 0x0000000087900000, 0x0000000087a00000|  0%| F|  |TAMS 0x0000000087900000, 0x0000000087900000| Untracked 
| 122|0x0000000087a00000, 0x0000000087a00000, 0x0000000087b00000|  0%| F|  |TAMS 0x0000000087a00000, 0x0000000087a00000| Untracked 
| 123|0x0000000087b00000, 0x0000000087b00000, 0x0000000087c00000|  0%| F|  |TAMS 0x0000000087b00000, 0x0000000087b00000| Untracked 
| 124|0x0000000087c00000, 0x0000000087c00000, 0x0000000087d00000|  0%| F|  |TAMS 0x0000000087c00000, 0x0000000087c00000| Untracked 
| 125|0x0000000087d00000, 0x0000000087d00000, 0x0000000087e00000|  0%| F|  |TAMS 0x0000000087d00000, 0x0000000087d00000| Untracked 
| 126|0x0000000087e00000, 0x0000000087e00000, 0x0000000087f00000|  0%| F|  |TAMS 0x0000000087e00000, 0x0000000087e00000| Untracked 
| 127|0x0000000087f00000, 0x0000000087f00000, 0x0000000088000000|  0%| F|  |TAMS 0x0000000087f00000, 0x0000000087f00000| Untracked 
| 128|0x0000000088000000, 0x0000000088000000, 0x0000000088100000|  0%| F|  |TAMS 0x0000000088000000, 0x0000000088000000| Untracked 
| 129|0x0000000088100000, 0x0000000088100000, 0x0000000088200000|  0%| F|  |TAMS 0x0000000088100000, 0x0000000088100000| Untracked 
| 130|0x0000000088200000, 0x0000000088200000, 0x0000000088300000|  0%| F|  |TAMS 0x0000000088200000, 0x0000000088200000| Untracked 
| 131|0x0000000088300000, 0x0000000088300000, 0x0000000088400000|  0%| F|  |TAMS 0x0000000088300000, 0x0000000088300000| Untracked 
| 132|0x0000000088400000, 0x0000000088400000, 0x0000000088500000|  0%| F|  |TAMS 0x0000000088400000, 0x0000000088400000| Untracked 
| 133|0x0000000088500000, 0x0000000088500000, 0x0000000088600000|  0%| F|  |TAMS 0x0000000088500000, 0x0000000088500000| Untracked 
| 134|0x0000000088600000, 0x0000000088600000, 0x0000000088700000|  0%| F|  |TAMS 0x0000000088600000, 0x0000000088600000| Untracked 
| 135|0x0000000088700000, 0x0000000088700000, 0x0000000088800000|  0%| F|  |TAMS 0x0000000088700000, 0x0000000088700000| Untracked 
| 136|0x0000000088800000, 0x0000000088800000, 0x0000000088900000|  0%| F|  |TAMS 0x0000000088800000, 0x0000000088800000| Untracked 
| 137|0x0000000088900000, 0x0000000088900000, 0x0000000088a00000|  0%| F|  |TAMS 0x0000000088900000, 0x0000000088900000| Untracked 
| 138|0x0000000088a00000, 0x0000000088a00000, 0x0000000088b00000|  0%| F|  |TAMS 0x0000000088a00000, 0x0000000088a00000| Untracked 
| 139|0x0000000088b00000, 0x0000000088b00000, 0x0000000088c00000|  0%| F|  |TAMS 0x0000000088b00000, 0x0000000088b00000| Untracked 
| 140|0x0000000088c00000, 0x0000000088c00000, 0x0000000088d00000|  0%| F|  |TAMS 0x0000000088c00000, 0x0000000088c00000| Untracked 
| 141|0x0000000088d00000, 0x0000000088d00000, 0x0000000088e00000|  0%| F|  |TAMS 0x0000000088d00000, 0x0000000088d00000| Untracked 
| 142|0x0000000088e00000, 0x0000000088e00000, 0x0000000088f00000|  0%| F|  |TAMS 0x0000000088e00000, 0x0000000088e00000| Untracked 
| 143|0x0000000088f00000, 0x0000000088f00000, 0x0000000089000000|  0%| F|  |TAMS 0x0000000088f00000, 0x0000000088f00000| Untracked 
| 144|0x0000000089000000, 0x0000000089000000, 0x0000000089100000|  0%| F|  |TAMS 0x0000000089000000, 0x0000000089000000| Untracked 
| 145|0x0000000089100000, 0x0000000089100000, 0x0000000089200000|  0%| F|  |TAMS 0x0000000089100000, 0x0000000089100000| Untracked 
| 146|0x0000000089200000, 0x0000000089200000, 0x0000000089300000|  0%| F|  |TAMS 0x0000000089200000, 0x0000000089200000| Untracked 
| 147|0x0000000089300000, 0x0000000089300000, 0x0000000089400000|  0%| F|  |TAMS 0x0000000089300000, 0x0000000089300000| Untracked 
| 148|0x0000000089400000, 0x0000000089400000, 0x0000000089500000|  0%| F|  |TAMS 0x0000000089400000, 0x0000000089400000| Untracked 
| 149|0x0000000089500000, 0x0000000089500000, 0x0000000089600000|  0%| F|  |TAMS 0x0000000089500000, 0x0000000089500000| Untracked 
| 150|0x0000000089600000, 0x0000000089600000, 0x0000000089700000|  0%| F|  |TAMS 0x0000000089600000, 0x0000000089600000| Untracked 
| 151|0x0000000089700000, 0x0000000089700000, 0x0000000089800000|  0%| F|  |TAMS 0x0000000089700000, 0x0000000089700000| Untracked 
| 152|0x0000000089800000, 0x0000000089800000, 0x0000000089900000|  0%| F|  |TAMS 0x0000000089800000, 0x0000000089800000| Untracked 
| 153|0x0000000089900000, 0x0000000089900000, 0x0000000089a00000|  0%| F|  |TAMS 0x0000000089900000, 0x0000000089900000| Untracked 
| 154|0x0000000089a00000, 0x0000000089a00000, 0x0000000089b00000|  0%| F|  |TAMS 0x0000000089a00000, 0x0000000089a00000| Untracked 
| 155|0x0000000089b00000, 0x0000000089b00000, 0x0000000089c00000|  0%| F|  |TAMS 0x0000000089b00000, 0x0000000089b00000| Untracked 
| 156|0x0000000089c00000, 0x0000000089c00000, 0x0000000089d00000|  0%| F|  |TAMS 0x0000000089c00000, 0x0000000089c00000| Untracked 
| 157|0x0000000089d00000, 0x0000000089d00000, 0x0000000089e00000|  0%| F|  |TAMS 0x0000000089d00000, 0x0000000089d00000| Untracked 
| 158|0x0000000089e00000, 0x0000000089e00000, 0x0000000089f00000|  0%| F|  |TAMS 0x0000000089e00000, 0x0000000089e00000| Untracked 
| 159|0x0000000089f00000, 0x0000000089f00000, 0x000000008a000000|  0%| F|  |TAMS 0x0000000089f00000, 0x0000000089f00000| Untracked 
| 160|0x000000008a000000, 0x000000008a000000, 0x000000008a100000|  0%| F|  |TAMS 0x000000008a000000, 0x000000008a000000| Untracked 
| 161|0x000000008a100000, 0x000000008a100000, 0x000000008a200000|  0%| F|  |TAMS 0x000000008a100000, 0x000000008a100000| Untracked 
| 162|0x000000008a200000, 0x000000008a200000, 0x000000008a300000|  0%| F|  |TAMS 0x000000008a200000, 0x000000008a200000| Untracked 
| 163|0x000000008a300000, 0x000000008a300000, 0x000000008a400000|  0%| F|  |TAMS 0x000000008a300000, 0x000000008a300000| Untracked 
| 164|0x000000008a400000, 0x000000008a400000, 0x000000008a500000|  0%| F|  |TAMS 0x000000008a400000, 0x000000008a400000| Untracked 
| 165|0x000000008a500000, 0x000000008a500000, 0x000000008a600000|  0%| F|  |TAMS 0x000000008a500000, 0x000000008a500000| Untracked 
| 166|0x000000008a600000, 0x000000008a600000, 0x000000008a700000|  0%| F|  |TAMS 0x000000008a600000, 0x000000008a600000| Untracked 
| 167|0x000000008a700000, 0x000000008a700000, 0x000000008a800000|  0%| F|  |TAMS 0x000000008a700000, 0x000000008a700000| Untracked 
| 168|0x000000008a800000, 0x000000008a800000, 0x000000008a900000|  0%| F|  |TAMS 0x000000008a800000, 0x000000008a800000| Untracked 
| 169|0x000000008a900000, 0x000000008a900000, 0x000000008aa00000|  0%| F|  |TAMS 0x000000008a900000, 0x000000008a900000| Untracked 
| 170|0x000000008aa00000, 0x000000008aa00000, 0x000000008ab00000|  0%| F|  |TAMS 0x000000008aa00000, 0x000000008aa00000| Untracked 
| 171|0x000000008ab00000, 0x000000008ab00000, 0x000000008ac00000|  0%| F|  |TAMS 0x000000008ab00000, 0x000000008ab00000| Untracked 
| 172|0x000000008ac00000, 0x000000008ac00000, 0x000000008ad00000|  0%| F|  |TAMS 0x000000008ac00000, 0x000000008ac00000| Untracked 
| 173|0x000000008ad00000, 0x000000008ad00000, 0x000000008ae00000|  0%| F|  |TAMS 0x000000008ad00000, 0x000000008ad00000| Untracked 
| 174|0x000000008ae00000, 0x000000008ae00000, 0x000000008af00000|  0%| F|  |TAMS 0x000000008ae00000, 0x000000008ae00000| Untracked 
| 175|0x000000008af00000, 0x000000008af00000, 0x000000008b000000|  0%| F|  |TAMS 0x000000008af00000, 0x000000008af00000| Untracked 
| 176|0x000000008b000000, 0x000000008b000000, 0x000000008b100000|  0%| F|  |TAMS 0x000000008b000000, 0x000000008b000000| Untracked 
| 177|0x000000008b100000, 0x000000008b100000, 0x000000008b200000|  0%| F|  |TAMS 0x000000008b100000, 0x000000008b100000| Untracked 
| 178|0x000000008b200000, 0x000000008b200000, 0x000000008b300000|  0%| F|  |TAMS 0x000000008b200000, 0x000000008b200000| Untracked 
| 179|0x000000008b300000, 0x000000008b300000, 0x000000008b400000|  0%| F|  |TAMS 0x000000008b300000, 0x000000008b300000| Untracked 
| 180|0x000000008b400000, 0x000000008b400000, 0x000000008b500000|  0%| F|  |TAMS 0x000000008b400000, 0x000000008b400000| Untracked 
| 181|0x000000008b500000, 0x000000008b500000, 0x000000008b600000|  0%| F|  |TAMS 0x000000008b500000, 0x000000008b500000| Untracked 
| 182|0x000000008b600000, 0x000000008b600000, 0x000000008b700000|  0%| F|  |TAMS 0x000000008b600000, 0x000000008b600000| Untracked 
| 183|0x000000008b700000, 0x000000008b700000, 0x000000008b800000|  0%| F|  |TAMS 0x000000008b700000, 0x000000008b700000| Untracked 
| 184|0x000000008b800000, 0x000000008b800000, 0x000000008b900000|  0%| F|  |TAMS 0x000000008b800000, 0x000000008b800000| Untracked 
| 185|0x000000008b900000, 0x000000008b900000, 0x000000008ba00000|  0%| F|  |TAMS 0x000000008b900000, 0x000000008b900000| Untracked 
| 186|0x000000008ba00000, 0x000000008ba00000, 0x000000008bb00000|  0%| F|  |TAMS 0x000000008ba00000, 0x000000008ba00000| Untracked 
| 187|0x000000008bb00000, 0x000000008bb00000, 0x000000008bc00000|  0%| F|  |TAMS 0x000000008bb00000, 0x000000008bb00000| Untracked 
| 188|0x000000008bc00000, 0x000000008bc00000, 0x000000008bd00000|  0%| F|  |TAMS 0x000000008bc00000, 0x000000008bc00000| Untracked 
| 189|0x000000008bd00000, 0x000000008bd00000, 0x000000008be00000|  0%| F|  |TAMS 0x000000008bd00000, 0x000000008bd00000| Untracked 
| 190|0x000000008be00000, 0x000000008be00000, 0x000000008bf00000|  0%| F|  |TAMS 0x000000008be00000, 0x000000008be00000| Untracked 
| 191|0x000000008bf00000, 0x000000008bf00000, 0x000000008c000000|  0%| F|  |TAMS 0x000000008bf00000, 0x000000008bf00000| Untracked 
| 192|0x000000008c000000, 0x000000008c000000, 0x000000008c100000|  0%| F|  |TAMS 0x000000008c000000, 0x000000008c000000| Untracked 
| 193|0x000000008c100000, 0x000000008c100000, 0x000000008c200000|  0%| F|  |TAMS 0x000000008c100000, 0x000000008c100000| Untracked 
| 194|0x000000008c200000, 0x000000008c200000, 0x000000008c300000|  0%| F|  |TAMS 0x000000008c200000, 0x000000008c200000| Untracked 
| 195|0x000000008c300000, 0x000000008c300000, 0x000000008c400000|  0%| F|  |TAMS 0x000000008c300000, 0x000000008c300000| Untracked 
| 196|0x000000008c400000, 0x000000008c400000, 0x000000008c500000|  0%| F|  |TAMS 0x000000008c400000, 0x000000008c400000| Untracked 
| 197|0x000000008c500000, 0x000000008c500000, 0x000000008c600000|  0%| F|  |TAMS 0x000000008c500000, 0x000000008c500000| Untracked 
| 198|0x000000008c600000, 0x000000008c600000, 0x000000008c700000|  0%| F|  |TAMS 0x000000008c600000, 0x000000008c600000| Untracked 
| 199|0x000000008c700000, 0x000000008c700000, 0x000000008c800000|  0%| F|  |TAMS 0x000000008c700000, 0x000000008c700000| Untracked 
| 200|0x000000008c800000, 0x000000008c800000, 0x000000008c900000|  0%| F|  |TAMS 0x000000008c800000, 0x000000008c800000| Untracked 
| 201|0x000000008c900000, 0x000000008c900000, 0x000000008ca00000|  0%| F|  |TAMS 0x000000008c900000, 0x000000008c900000| Untracked 
| 202|0x000000008ca00000, 0x000000008ca00000, 0x000000008cb00000|  0%| F|  |TAMS 0x000000008ca00000, 0x000000008ca00000| Untracked 
| 203|0x000000008cb00000, 0x000000008cb00000, 0x000000008cc00000|  0%| F|  |TAMS 0x000000008cb00000, 0x000000008cb00000| Untracked 
| 204|0x000000008cc00000, 0x000000008cc00000, 0x000000008cd00000|  0%| F|  |TAMS 0x000000008cc00000, 0x000000008cc00000| Untracked 
| 205|0x000000008cd00000, 0x000000008cd00000, 0x000000008ce00000|  0%| F|  |TAMS 0x000000008cd00000, 0x000000008cd00000| Untracked 
| 206|0x000000008ce00000, 0x000000008ce00000, 0x000000008cf00000|  0%| F|  |TAMS 0x000000008ce00000, 0x000000008ce00000| Untracked 
| 207|0x000000008cf00000, 0x000000008cf00000, 0x000000008d000000|  0%| F|  |TAMS 0x000000008cf00000, 0x000000008cf00000| Untracked 
| 208|0x000000008d000000, 0x000000008d000000, 0x000000008d100000|  0%| F|  |TAMS 0x000000008d000000, 0x000000008d000000| Untracked 
| 209|0x000000008d100000, 0x000000008d100000, 0x000000008d200000|  0%| F|  |TAMS 0x000000008d100000, 0x000000008d100000| Untracked 
| 210|0x000000008d200000, 0x000000008d200000, 0x000000008d300000|  0%| F|  |TAMS 0x000000008d200000, 0x000000008d200000| Untracked 
| 211|0x000000008d300000, 0x000000008d300000, 0x000000008d400000|  0%| F|  |TAMS 0x000000008d300000, 0x000000008d300000| Untracked 
| 212|0x000000008d400000, 0x000000008d400000, 0x000000008d500000|  0%| F|  |TAMS 0x000000008d400000, 0x000000008d400000| Untracked 
| 213|0x000000008d500000, 0x000000008d500000, 0x000000008d600000|  0%| F|  |TAMS 0x000000008d500000, 0x000000008d500000| Untracked 
| 214|0x000000008d600000, 0x000000008d600000, 0x000000008d700000|  0%| F|  |TAMS 0x000000008d600000, 0x000000008d600000| Untracked 
| 215|0x000000008d700000, 0x000000008d700000, 0x000000008d800000|  0%| F|  |TAMS 0x000000008d700000, 0x000000008d700000| Untracked 
| 216|0x000000008d800000, 0x000000008d800000, 0x000000008d900000|  0%| F|  |TAMS 0x000000008d800000, 0x000000008d800000| Untracked 
| 217|0x000000008d900000, 0x000000008d900000, 0x000000008da00000|  0%| F|  |TAMS 0x000000008d900000, 0x000000008d900000| Untracked 
| 218|0x000000008da00000, 0x000000008da00000, 0x000000008db00000|  0%| F|  |TAMS 0x000000008da00000, 0x000000008da00000| Untracked 
| 219|0x000000008db00000, 0x000000008db00000, 0x000000008dc00000|  0%| F|  |TAMS 0x000000008db00000, 0x000000008db00000| Untracked 
| 220|0x000000008dc00000, 0x000000008dc00000, 0x000000008dd00000|  0%| F|  |TAMS 0x000000008dc00000, 0x000000008dc00000| Untracked 
| 221|0x000000008dd00000, 0x000000008dd00000, 0x000000008de00000|  0%| F|  |TAMS 0x000000008dd00000, 0x000000008dd00000| Untracked 
| 222|0x000000008de00000, 0x000000008de00000, 0x000000008df00000|  0%| F|  |TAMS 0x000000008de00000, 0x000000008de00000| Untracked 
| 223|0x000000008df00000, 0x000000008df00000, 0x000000008e000000|  0%| F|  |TAMS 0x000000008df00000, 0x000000008df00000| Untracked 
| 224|0x000000008e000000, 0x000000008e000000, 0x000000008e100000|  0%| F|  |TAMS 0x000000008e000000, 0x000000008e000000| Untracked 
| 225|0x000000008e100000, 0x000000008e100000, 0x000000008e200000|  0%| F|  |TAMS 0x000000008e100000, 0x000000008e100000| Untracked 
| 226|0x000000008e200000, 0x000000008e200000, 0x000000008e300000|  0%| F|  |TAMS 0x000000008e200000, 0x000000008e200000| Untracked 
| 227|0x000000008e300000, 0x000000008e300000, 0x000000008e400000|  0%| F|  |TAMS 0x000000008e300000, 0x000000008e300000| Untracked 
| 228|0x000000008e400000, 0x000000008e4b35a0, 0x000000008e500000| 70%| S|  |TAMS 0x000000008e400000, 0x000000008e400000| Complete 
| 229|0x000000008e500000, 0x000000008e600000, 0x000000008e600000|100%| S|  |TAMS 0x000000008e500000, 0x000000008e500000| Complete 
| 230|0x000000008e600000, 0x000000008e700000, 0x000000008e700000|100%| S|  |TAMS 0x000000008e600000, 0x000000008e600000| Complete 
| 231|0x000000008e700000, 0x000000008e800000, 0x000000008e800000|100%| S|  |TAMS 0x000000008e700000, 0x000000008e700000| Complete 
| 232|0x000000008e800000, 0x000000008e900000, 0x000000008e900000|100%| S|  |TAMS 0x000000008e800000, 0x000000008e800000| Complete 
| 233|0x000000008e900000, 0x000000008ea00000, 0x000000008ea00000|100%| S|  |TAMS 0x000000008e900000, 0x000000008e900000| Complete 
| 234|0x000000008ea00000, 0x000000008eb00000, 0x000000008eb00000|100%| S|  |TAMS 0x000000008ea00000, 0x000000008ea00000| Complete 
| 235|0x000000008eb00000, 0x000000008ec00000, 0x000000008ec00000|100%| S|  |TAMS 0x000000008eb00000, 0x000000008eb00000| Complete 
| 236|0x000000008ec00000, 0x000000008ed00000, 0x000000008ed00000|100%| S|  |TAMS 0x000000008ec00000, 0x000000008ec00000| Complete 
| 237|0x000000008ed00000, 0x000000008ee00000, 0x000000008ee00000|100%| S|  |TAMS 0x000000008ed00000, 0x000000008ed00000| Complete 
| 238|0x000000008ee00000, 0x000000008ef00000, 0x000000008ef00000|100%| S|  |TAMS 0x000000008ee00000, 0x000000008ee00000| Complete 
| 239|0x000000008ef00000, 0x000000008ef00800, 0x000000008f000000|  0%| E|CS|TAMS 0x000000008ef00000, 0x000000008ef00800| Complete 
| 240|0x000000008f000000, 0x000000008f100000, 0x000000008f100000|100%| E|CS|TAMS 0x000000008f000000, 0x000000008f100000| Complete 
| 241|0x000000008f100000, 0x000000008f200000, 0x000000008f200000|100%| E|CS|TAMS 0x000000008f100000, 0x000000008f200000| Complete 
| 242|0x000000008f200000, 0x000000008f300000, 0x000000008f300000|100%| E|CS|TAMS 0x000000008f200000, 0x000000008f300000| Complete 
| 243|0x000000008f300000, 0x000000008f400000, 0x000000008f400000|100%| E|CS|TAMS 0x000000008f300000, 0x000000008f400000| Complete 
| 244|0x000000008f400000, 0x000000008f500000, 0x000000008f500000|100%| E|CS|TAMS 0x000000008f400000, 0x000000008f500000| Complete 
| 245|0x000000008f500000, 0x000000008f600000, 0x000000008f600000|100%| E|CS|TAMS 0x000000008f500000, 0x000000008f600000| Complete 
| 246|0x000000008f600000, 0x000000008f700000, 0x000000008f700000|100%| E|CS|TAMS 0x000000008f600000, 0x000000008f700000| Complete 
| 247|0x000000008f700000, 0x000000008f800000, 0x000000008f800000|100%| E|CS|TAMS 0x000000008f700000, 0x000000008f800000| Complete 
| 248|0x000000008f800000, 0x000000008f900000, 0x000000008f900000|100%| E|CS|TAMS 0x000000008f800000, 0x000000008f900000| Complete 
| 249|0x000000008f900000, 0x000000008fa00000, 0x000000008fa00000|100%| E|CS|TAMS 0x000000008f900000, 0x000000008fa00000| Complete 
| 250|0x000000008fa00000, 0x000000008fb00000, 0x000000008fb00000|100%| E|CS|TAMS 0x000000008fa00000, 0x000000008fb00000| Complete 
| 251|0x000000008fb00000, 0x000000008fc00000, 0x000000008fc00000|100%| E|CS|TAMS 0x000000008fb00000, 0x000000008fc00000| Complete 
| 252|0x000000008fc00000, 0x000000008fd00000, 0x000000008fd00000|100%| E|CS|TAMS 0x000000008fc00000, 0x000000008fd00000| Complete 
| 253|0x000000008fd00000, 0x000000008fe00000, 0x000000008fe00000|100%| E|CS|TAMS 0x000000008fd00000, 0x000000008fe00000| Complete 

Card table byte_map: [0x000001d73d230000,0x000001d73d630000] _byte_map_base: 0x000001d73ce30000

Marking Bits (Prev, Next): (CMBitMap*) 0x000001d723478658, (CMBitMap*) 0x000001d723478690
 Prev Bits: [0x000001d73da30000, 0x000001d73fa30000)
 Next Bits: [0x000001d73fa30000, 0x000001d741a30000)

Polling page: 0x000001d723510000

Metaspace:

Usage:
  Non-class:     50.77 MB capacity,    49.94 MB ( 98%) used,   690.73 KB (  1%) free+waste,   161.75 KB ( <1%) overhead. 
      Class:      7.91 MB capacity,     7.30 MB ( 92%) used,   544.86 KB (  7%) free+waste,    78.25 KB ( <1%) overhead. 
       Both:     58.68 MB capacity,    57.24 MB ( 98%) used,     1.21 MB (  2%) free+waste,   240.00 KB ( <1%) overhead. 

Virtual space:
  Non-class space:       52.00 MB reserved,      50.83 MB ( 98%) committed 
      Class space:      504.00 MB reserved,       8.00 MB (  2%) committed 
             Both:      556.00 MB reserved,      58.83 MB ( 11%) committed 

Chunk freelists:
   Non-Class:  59.00 KB
       Class:  0 bytes
        Both:  59.00 KB

MaxMetaspaceSize: 512.00 MB
CompressedClassSpaceSize: 504.00 MB
Initial GC threshold: 20.80 MB
Current GC threshold: 58.88 MB
CDS: off

CodeHeap 'non-profiled nmethods': size=120000Kb used=3545Kb max_used=3545Kb free=116455Kb
 bounds [0x000001d734e90000, 0x000001d735210000, 0x000001d73c3c0000]
CodeHeap 'profiled nmethods': size=120000Kb used=10947Kb max_used=10947Kb free=109052Kb
 bounds [0x000001d72d960000, 0x000001d72e420000, 0x000001d734e90000]
CodeHeap 'non-nmethods': size=5760Kb used=2345Kb max_used=2382Kb free=3414Kb
 bounds [0x000001d72d3c0000, 0x000001d72d630000, 0x000001d72d960000]
 total_blobs=6235 nmethods=5373 adapters=774
 compilation: enabled
              stopped_count=0, restarted_count=0
 full_count=0

Compilation events (20 events):
Event: 19.686 Thread 0x000001d744dce800 nmethod 5373 0x000001d72e40be90 code [0x000001d72e40c080, 0x000001d72e40c6e8]
Event: 19.687 Thread 0x000001d744dce800 5374       3       javax.management.ObjectName::addProperty (80 bytes)
Event: 19.687 Thread 0x000001d744dce800 nmethod 5374 0x000001d72e40c890 code [0x000001d72e40cac0, 0x000001d72e40d228]
Event: 19.687 Thread 0x000001d744dce800 5375       3       java.util.TreeMap::navigableKeySet (27 bytes)
Event: 19.688 Thread 0x000001d744dce800 nmethod 5375 0x000001d72e40d490 code [0x000001d72e40d660, 0x000001d72e40da38]
Event: 19.688 Thread 0x000001d744dce800 5376       3       javax.management.StandardMBean::equal (23 bytes)
Event: 19.688 Thread 0x000001d744dce800 nmethod 5376 0x000001d72e40db90 code [0x000001d72e40dd60, 0x000001d72e40dfc8]
Event: 19.688 Thread 0x000001d744dce800 5377       3       javax.management.ImmutableDescriptor::getFieldValue (87 bytes)
Event: 19.689 Thread 0x000001d744dc2000 nmethod 5366 0x000001d735200990 code [0x000001d735200b40, 0x000001d735200f58]
Event: 19.689 Thread 0x000001d744dce800 nmethod 5377 0x000001d72e40e090 code [0x000001d72e40e360, 0x000001d72e40ef58]
Event: 19.689 Thread 0x000001d744dc2000 5365       4       java.lang.invoke.LambdaForm$Name::lastUseIndex (36 bytes)
Event: 19.689 Thread 0x000001d744dce800 5378       3       javax.management.ImmutableDescriptor::checkIllegalFieldName (19 bytes)
Event: 19.689 Thread 0x000001d744dce800 nmethod 5378 0x000001d72e40f410 code [0x000001d72e40f600, 0x000001d72e40f928]
Event: 19.690 Thread 0x000001d744dce800 5380       3       java.util.TreeMap$KeySet::iterator (32 bytes)
Event: 19.690 Thread 0x000001d744dce800 nmethod 5380 0x000001d72e40fa90 code [0x000001d72e40fcc0, 0x000001d72e410458]
Event: 19.690 Thread 0x000001d744dce800 5381       3       java.util.TreeMap::keyIterator (13 bytes)
Event: 19.690 Thread 0x000001d744dce800 nmethod 5381 0x000001d72e410690 code [0x000001d72e410880, 0x000001d72e410d98]
Event: 19.690 Thread 0x000001d7455b0000 nmethod 5314 0x000001d735201690 code [0x000001d7352019c0, 0x000001d735204a88]
Event: 19.691 Thread 0x000001d7455b0000 5382       4       java.util.Arrays::binarySearch0 (95 bytes)
Event: 19.691 Thread 0x000001d744dc2000 nmethod 5365 0x000001d735206090 code [0x000001d735206220, 0x000001d735206338]

GC Heap History (13 events):
Event: 0.579 GC heap before
{Heap before GC invocations=0 (full 0):
 garbage-first heap   total 260096K, used 29696K [0x0000000080000000, 0x0000000100000000)
  region size 1024K, 24 young (24576K), 0 survivors (0K)
 Metaspace       used 9740K, capacity 9952K, committed 10112K, reserved 526336K
  class space    used 988K, capacity 1069K, committed 1152K, reserved 516096K
}
Event: 0.582 GC heap after
{Heap after GC invocations=1 (full 0):
 garbage-first heap   total 260096K, used 9038K [0x0000000080000000, 0x0000000100000000)
  region size 1024K, 3 young (3072K), 3 survivors (3072K)
 Metaspace       used 9740K, capacity 9952K, committed 10112K, reserved 526336K
  class space    used 988K, capacity 1069K, committed 1152K, reserved 516096K
}
Event: 2.101 GC heap before
{Heap before GC invocations=1 (full 0):
 garbage-first heap   total 260096K, used 105294K [0x0000000080000000, 0x0000000100000000)
  region size 1024K, 97 young (99328K), 3 survivors (3072K)
 Metaspace       used 20736K, capacity 21175K, committed 21296K, reserved 536576K
  class space    used 2498K, capacity 2666K, committed 2688K, reserved 516096K
}
Event: 2.108 GC heap after
{Heap after GC invocations=2 (full 0):
 garbage-first heap   total 260096K, used 16754K [0x0000000080000000, 0x0000000100000000)
  region size 1024K, 11 young (11264K), 11 survivors (11264K)
 Metaspace       used 20736K, capacity 21175K, committed 21296K, reserved 536576K
  class space    used 2498K, capacity 2666K, committed 2688K, reserved 516096K
}
Event: 2.586 GC heap before
{Heap before GC invocations=3 (full 0):
 garbage-first heap   total 260096K, used 60786K [0x0000000080000000, 0x0000000100000000)
  region size 1024K, 54 young (55296K), 11 survivors (11264K)
 Metaspace       used 24972K, capacity 25575K, committed 25648K, reserved 538624K
  class space    used 3181K, capacity 3413K, committed 3456K, reserved 516096K
}
Event: 2.592 GC heap after
{Heap after GC invocations=4 (full 0):
 garbage-first heap   total 260096K, used 18535K [0x0000000080000000, 0x0000000100000000)
  region size 1024K, 3 young (3072K), 3 survivors (3072K)
 Metaspace       used 24972K, capacity 25575K, committed 25648K, reserved 538624K
  class space    used 3181K, capacity 3413K, committed 3456K, reserved 516096K
}
Event: 3.532 GC heap before
{Heap before GC invocations=4 (full 0):
 garbage-first heap   total 260096K, used 93287K [0x0000000080000000, 0x0000000100000000)
  region size 1024K, 77 young (78848K), 3 survivors (3072K)
 Metaspace       used 35017K, capacity 35783K, committed 35920K, reserved 548864K
  class space    used 4489K, capacity 4822K, committed 4864K, reserved 516096K
}
Event: 3.540 GC heap after
{Heap after GC invocations=5 (full 0):
 garbage-first heap   total 260096K, used 21795K [0x0000000080000000, 0x0000000100000000)
  region size 1024K, 6 young (6144K), 6 survivors (6144K)
 Metaspace       used 35017K, capacity 35783K, committed 35920K, reserved 548864K
  class space    used 4489K, capacity 4822K, committed 4864K, reserved 516096K
}
Event: 17.583 GC heap before
{Heap before GC invocations=6 (full 0):
 garbage-first heap   total 260096K, used 137507K [0x0000000080000000, 0x0000000100000000)
  region size 1024K, 116 young (118784K), 6 survivors (6144K)
 Metaspace       used 43506K, capacity 44687K, committed 45008K, reserved 557056K
  class space    used 5448K, capacity 5922K, committed 6016K, reserved 516096K
}
Event: 17.592 GC heap after
{Heap after GC invocations=7 (full 0):
 garbage-first heap   total 260096K, used 30151K [0x0000000080000000, 0x0000000100000000)
  region size 1024K, 14 young (14336K), 14 survivors (14336K)
 Metaspace       used 43506K, capacity 44687K, committed 45008K, reserved 557056K
  class space    used 5448K, capacity 5922K, committed 6016K, reserved 516096K
}
Event: 19.454 GC heap before
{Heap before GC invocations=7 (full 0):
 garbage-first heap   total 260096K, used 170439K [0x0000000080000000, 0x0000000100000000)
  region size 1024K, 150 young (153600K), 14 survivors (14336K)
 Metaspace       used 57006K, capacity 58596K, committed 58704K, reserved 567296K
  class space    used 7295K, capacity 7900K, committed 7936K, reserved 516096K
}
Event: 19.467 GC heap after
{Heap after GC invocations=8 (full 0):
 garbage-first heap   total 260096K, used 38993K [0x0000000080000000, 0x0000000100000000)
  region size 1024K, 17 young (17408K), 17 survivors (17408K)
 Metaspace       used 57006K, capacity 58596K, committed 58704K, reserved 567296K
  class space    used 7295K, capacity 7900K, committed 7936K, reserved 516096K
}
Event: 19.692 GC heap before
{Heap before GC invocations=8 (full 0):
 garbage-first heap   total 260096K, used 56401K [0x0000000080000000, 0x0000000100000000)
  region size 1024K, 32 young (32768K), 17 survivors (17408K)
 Metaspace       used 58616K, capacity 60092K, committed 60240K, reserved 569344K
  class space    used 7479K, capacity 8103K, committed 8192K, reserved 516096K
}

Deoptimization events (20 events):
Event: 19.660 Thread 0x000001d747240000 Uncommon trap: trap_request=0xffffffc6 fr.pc=0x000001d73507892c relative=0x0000000000000cac
Event: 19.660 Thread 0x000001d747240000 Uncommon trap: reason=bimorphic_or_optimized_type_check action=maybe_recompile pc=0x000001d73507892c method=java.util.stream.ReferencePipeline$2$1.begin(J)V @ 7 c2
Event: 19.660 Thread 0x000001d747240000 DEOPT PACKING pc=0x000001d73507892c sp=0x00000058bb8f77e0
Event: 19.660 Thread 0x000001d747240000 DEOPT UNPACKING pc=0x000001d72d40a1af sp=0x00000058bb8f76e0 mode 2
Event: 19.670 Thread 0x000001d747240000 Uncommon trap: trap_request=0xffffff7e fr.pc=0x000001d7351e7c9c relative=0x00000000000001bc
Event: 19.670 Thread 0x000001d747240000 Uncommon trap: reason=predicate action=maybe_recompile pc=0x000001d7351e7c9c method=java.util.Arrays.binarySearch0([Ljava/lang/Object;IILjava/lang/Object;Ljava/util/Comparator;)I @ 25 c2
Event: 19.670 Thread 0x000001d747240000 DEOPT PACKING pc=0x000001d7351e7c9c sp=0x00000058bb8f4ff0
Event: 19.670 Thread 0x000001d747240000 DEOPT UNPACKING pc=0x000001d72d40a1af sp=0x00000058bb8f4f00 mode 2
Event: 19.670 Thread 0x000001d747240000 Uncommon trap: trap_request=0xffffff7e fr.pc=0x000001d7350ada1c relative=0x00000000000001bc
Event: 19.670 Thread 0x000001d747240000 Uncommon trap: reason=predicate action=maybe_recompile pc=0x000001d7350ada1c method=java.util.Arrays.binarySearch0([Ljava/lang/Object;IILjava/lang/Object;Ljava/util/Comparator;)I @ 25 c2
Event: 19.670 Thread 0x000001d747240000 DEOPT PACKING pc=0x000001d7350ada1c sp=0x00000058bb8f4f70
Event: 19.670 Thread 0x000001d747240000 DEOPT UNPACKING pc=0x000001d72d40a1af sp=0x00000058bb8f4f00 mode 2
Event: 19.684 Thread 0x000001d747240000 Uncommon trap: trap_request=0xffffffc6 fr.pc=0x000001d73507892c relative=0x0000000000000cac
Event: 19.684 Thread 0x000001d747240000 Uncommon trap: reason=bimorphic_or_optimized_type_check action=maybe_recompile pc=0x000001d73507892c method=java.util.stream.ReferencePipeline$2$1.begin(J)V @ 7 c2
Event: 19.684 Thread 0x000001d747240000 DEOPT PACKING pc=0x000001d73507892c sp=0x00000058bb8f7340
Event: 19.684 Thread 0x000001d747240000 DEOPT UNPACKING pc=0x000001d72d40a1af sp=0x00000058bb8f7228 mode 2
Event: 19.689 Thread 0x000001d747240000 Uncommon trap: trap_request=0xffffff7e fr.pc=0x000001d735200eb0 relative=0x0000000000000370
Event: 19.690 Thread 0x000001d747240000 Uncommon trap: reason=predicate action=maybe_recompile pc=0x000001d735200eb0 method=java.util.AbstractCollection.toArray([Ljava/lang/Object;)[Ljava/lang/Object; @ 43 c2
Event: 19.690 Thread 0x000001d747240000 DEOPT PACKING pc=0x000001d735200eb0 sp=0x00000058bb8f50a0
Event: 19.690 Thread 0x000001d747240000 DEOPT UNPACKING pc=0x000001d72d40a1af sp=0x00000058bb8f5048 mode 2

Classes redefined (0 events):
No events

Internal exceptions (20 events):
Event: 18.515 Thread 0x000001d747240000 Exception <a 'java/lang/NoSuchMethodError'{0x000000008ad3f428}: 'void java.lang.invoke.DirectMethodHandle$Holder.invokeStatic(java.lang.Object, java.lang.Object, java.lang.Object, int, java.lang.Object)'> (0x000000008ad3f428) thrown at [./src/hotspot/share/interpreter/linkResolver.cpp, line 773]
Event: 18.660 Thread 0x000001d747240000 Implicit null exception at 0x000001d734ee1974 to 0x000001d734ee1ea8
Event: 18.735 Thread 0x000001d747240000 Exception <a 'sun/nio/fs/WindowsException'{0x000000008a0c07b0}> (0x000000008a0c07b0) thrown at [./src/hotspot/share/prims/jni.cpp, line 617]
Event: 18.741 Thread 0x000001d747240000 Implicit null exception at 0x000001d734fe6c88 to 0x000001d734fe95a8
Event: 19.559 Thread 0x000001d747240000 Exception <a 'java/lang/ClassNotFoundException'{0x000000008fa613c8}: org/gradle/api/internal/project/DefaultProject_DecoratedBeanInfo> (0x000000008fa613c8) thrown at [./src/hotspot/share/classfile/systemDictionary.cpp, line 230]
Event: 19.559 Thread 0x000001d747240000 Exception <a 'java/lang/ClassNotFoundException'{0x000000008fa8f108}: org/gradle/api/internal/project/DefaultProjectBeanInfo> (0x000000008fa8f108) thrown at [./src/hotspot/share/classfile/systemDictionary.cpp, line 230]
Event: 19.560 Thread 0x000001d747240000 Exception <a 'java/lang/ClassNotFoundException'{0x000000008fabcce8}: org/gradle/api/internal/project/DefaultProjectCustomizer> (0x000000008fabcce8) thrown at [./src/hotspot/share/classfile/systemDictionary.cpp, line 230]
Event: 19.565 Thread 0x000001d747240000 Exception <a 'java/lang/ClassNotFoundException'{0x000000008f980af0}: org/gradle/api/internal/project/DefaultProject_DecoratedCustomizer> (0x000000008f980af0) thrown at [./src/hotspot/share/classfile/systemDictionary.cpp, line 230]
Event: 19.597 Thread 0x000001d747240000 Exception <a 'java/lang/IncompatibleClassChangeError'{0x000000008f7455b0}: Found class java.lang.Object, but interface was expected> (0x000000008f7455b0) thrown at [./src/hotspot/share/interpreter/linkResolver.cpp, line 839]
Event: 19.620 Thread 0x000001d747240000 Exception <a 'java/lang/ClassNotFoundException'{0x000000008f54a5c8}: org/gradle/api/internal/project/DefaultAntBuilderBeanInfo> (0x000000008f54a5c8) thrown at [./src/hotspot/share/classfile/systemDictionary.cpp, line 230]
Event: 19.621 Thread 0x000001d747240000 Exception <a 'java/lang/ClassNotFoundException'{0x000000008f57ab98}: org/gradle/api/internal/project/ant/BasicAntBuilderBeanInfo> (0x000000008f57ab98) thrown at [./src/hotspot/share/classfile/systemDictionary.cpp, line 230]
Event: 19.621 Thread 0x000001d747240000 Exception <a 'java/lang/ClassNotFoundException'{0x000000008f5a2d80}: org/gradle/api/AntBuilderBeanInfo> (0x000000008f5a2d80) thrown at [./src/hotspot/share/classfile/systemDictionary.cpp, line 230]
Event: 19.622 Thread 0x000001d747240000 Exception <a 'java/lang/ClassNotFoundException'{0x000000008f41e660}: groovy/util/AntBuilderBeanInfo> (0x000000008f41e660) thrown at [./src/hotspot/share/classfile/systemDictionary.cpp, line 230]
Event: 19.623 Thread 0x000001d747240000 Exception <a 'java/lang/ClassNotFoundException'{0x000000008f49a4a0}: groovy/util/BuilderSupportBeanInfo> (0x000000008f49a4a0) thrown at [./src/hotspot/share/classfile/systemDictionary.cpp, line 230]
Event: 19.623 Thread 0x000001d747240000 Exception <a 'java/lang/ClassNotFoundException'{0x000000008f317658}: groovy/util/BuilderSupportCustomizer> (0x000000008f317658) thrown at [./src/hotspot/share/classfile/systemDictionary.cpp, line 230]
Event: 19.624 Thread 0x000001d747240000 Exception <a 'java/lang/ClassNotFoundException'{0x000000008f393d28}: groovy/util/AntBuilderCustomizer> (0x000000008f393d28) thrown at [./src/hotspot/share/classfile/systemDictionary.cpp, line 230]
Event: 19.625 Thread 0x000001d747240000 Exception <a 'java/lang/ClassNotFoundException'{0x000000008f3c21e0}: org/gradle/api/AntBuilderCustomizer> (0x000000008f3c21e0) thrown at [./src/hotspot/share/classfile/systemDictionary.cpp, line 230]
Event: 19.627 Thread 0x000001d747240000 Exception <a 'java/lang/ClassNotFoundException'{0x000000008f3fd420}: org/gradle/api/internal/project/ant/BasicAntBuilderCustomizer> (0x000000008f3fd420) thrown at [./src/hotspot/share/classfile/systemDictionary.cpp, line 230]
Event: 19.628 Thread 0x000001d747240000 Exception <a 'java/lang/ClassNotFoundException'{0x000000008f23fc40}: org/gradle/api/internal/project/DefaultAntBuilderCustomizer> (0x000000008f23fc40) thrown at [./src/hotspot/share/classfile/systemDictionary.cpp, line 230]
Event: 19.659 Thread 0x000001d747240000 Exception <a 'java/lang/IncompatibleClassChangeError'{0x000000008f01e0d0}: Found class java.lang.Object, but interface was expected> (0x000000008f01e0d0) thrown at [./src/hotspot/share/interpreter/linkResolver.cpp, line 839]

Events (20 events):
Event: 19.688 loading class java/lang/management/CompilationMXBean
Event: 19.688 loading class java/lang/management/CompilationMXBean done
Event: 19.688 loading class sun/management/CompilationImpl done
Event: 19.689 Loaded shared library C:\Program Files\Microsoft\jdk-11.0.18.10-hotspot\bin\java.dll
Event: 19.690 loading class sun/management/ManagementFactoryHelper$PlatformLoggingImpl
Event: 19.690 loading class java/lang/management/PlatformLoggingMXBean
Event: 19.690 loading class java/lang/management/PlatformLoggingMXBean done
Event: 19.690 loading class sun/management/ManagementFactoryHelper$PlatformLoggingImpl done
Event: 19.690 loading class java/util/logging/LoggingMXBean
Event: 19.690 loading class java/util/logging/LoggingMXBean done
Event: 19.690 loading class java/util/logging/Logging
Event: 19.691 loading class java/util/logging/Logging done
Event: 19.691 loading class javax/management/openmbean/OpenMBeanParameterInfoSupport
Event: 19.691 loading class javax/management/openmbean/OpenMBeanParameterInfoSupport done
Event: 19.691 loading class javax/management/openmbean/OpenMBeanOperationInfoSupport
Event: 19.692 loading class javax/management/openmbean/OpenMBeanOperationInfo
Event: 19.692 loading class javax/management/openmbean/OpenMBeanOperationInfo done
Event: 19.692 loading class javax/management/openmbean/OpenMBeanOperationInfoSupport done
Event: 19.692 loading class javax/management/MBeanInfo$ArrayGettersSafeAction
Event: 19.692 Executing VM operation: CollectForMetadataAllocation


Dynamic libraries:
0x00007ff6957a0000 - 0x00007ff6957ad000 	C:\Program Files\Microsoft\jdk-11.0.18.10-hotspot\bin\java.exe
0x00007ffb027f0000 - 0x00007ffb029e8000 	C:\Windows\SYSTEM32\ntdll.dll
0x00007ffb023e0000 - 0x00007ffb0249f000 	C:\Windows\System32\KERNEL32.DLL
0x00007ffb00060000 - 0x00007ffb0033a000 	C:\Windows\System32\KERNELBASE.dll
0x00007ffb00750000 - 0x00007ffb00850000 	C:\Windows\System32\ucrtbase.dll
0x00007ffaecc00000 - 0x00007ffaecc17000 	C:\Program Files\Microsoft\jdk-11.0.18.10-hotspot\bin\jli.dll
0x00007ffaecc20000 - 0x00007ffaecc35000 	C:\Program Files\Microsoft\jdk-11.0.18.10-hotspot\bin\VCRUNTIME140.dll
0x00007ffb00850000 - 0x00007ffb009ed000 	C:\Windows\System32\USER32.dll
0x00007ffaf4690000 - 0x00007ffaf492a000 	C:\Windows\WinSxS\amd64_microsoft.windows.common-controls_6595b64144ccf1df_6.0.19041.1110_none_60b5254171f9507e\COMCTL32.dll
0x00007ffafff00000 - 0x00007ffafff22000 	C:\Windows\System32\win32u.dll
0x00007ffb011d0000 - 0x00007ffb0126e000 	C:\Windows\System32\msvcrt.dll
0x00007ffb019c0000 - 0x00007ffb019eb000 	C:\Windows\System32\GDI32.dll
0x00007ffb00340000 - 0x00007ffb00450000 	C:\Windows\System32\gdi32full.dll
0x00007ffb00640000 - 0x00007ffb006dd000 	C:\Windows\System32\msvcp_win.dll
0x00007ffb02500000 - 0x00007ffb02530000 	C:\Windows\System32\IMM32.DLL
0x00007ffac54c0000 - 0x00007ffac555b000 	C:\Program Files\Microsoft\jdk-11.0.18.10-hotspot\bin\msvcp140.dll
0x00007ffa966f0000 - 0x00007ffa97282000 	C:\Program Files\Microsoft\jdk-11.0.18.10-hotspot\bin\server\jvm.dll
0x00007ffb009f0000 - 0x00007ffb00a9e000 	C:\Windows\System32\ADVAPI32.dll
0x00007ffb02170000 - 0x00007ffb0220c000 	C:\Windows\System32\sechost.dll
0x00007ffb01a50000 - 0x00007ffb01b76000 	C:\Windows\System32\RPCRT4.dll
0x00007ffb022a0000 - 0x00007ffb022a8000 	C:\Windows\System32\PSAPI.DLL
0x00007ffaf18b0000 - 0x00007ffaf18b9000 	C:\Windows\SYSTEM32\WSOCK32.dll
0x00007ffae5bf0000 - 0x00007ffae5c17000 	C:\Windows\SYSTEM32\WINMM.dll
0x00007ffaf7760000 - 0x00007ffaf776a000 	C:\Windows\SYSTEM32\VERSION.dll
0x00007ffb01ff0000 - 0x00007ffb0205b000 	C:\Windows\System32\WS2_32.dll
0x00007ffafdde0000 - 0x00007ffafddf2000 	C:\Windows\SYSTEM32\kernel.appcore.dll
0x00007ffaee6f0000 - 0x00007ffaee700000 	C:\Program Files\Microsoft\jdk-11.0.18.10-hotspot\bin\verify.dll
0x00007ffafa9e0000 - 0x00007ffafabc4000 	C:\Windows\SYSTEM32\DBGHELP.DLL
0x00007ffafa3f0000 - 0x00007ffafa424000 	C:\Windows\SYSTEM32\dbgcore.DLL
0x00007ffb005b0000 - 0x00007ffb00632000 	C:\Windows\System32\bcryptPrimitives.dll
0x00007ffaddea0000 - 0x00007ffaddec8000 	C:\Program Files\Microsoft\jdk-11.0.18.10-hotspot\bin\java.dll
0x00007ffaede80000 - 0x00007ffaede8a000 	C:\Program Files\Microsoft\jdk-11.0.18.10-hotspot\bin\jimage.dll
0x00007ffae8680000 - 0x00007ffae8698000 	C:\Program Files\Microsoft\jdk-11.0.18.10-hotspot\bin\zip.dll
0x00007ffb01270000 - 0x00007ffb019b4000 	C:\Windows\System32\SHELL32.dll
0x00007ffafdfe0000 - 0x00007ffafe773000 	C:\Windows\SYSTEM32\windows.storage.dll
0x00007ffb00e70000 - 0x00007ffb011c4000 	C:\Windows\System32\combase.dll
0x00007ffaff960000 - 0x00007ffaff98e000 	C:\Windows\SYSTEM32\Wldp.dll
0x00007ffb00c40000 - 0x00007ffb00ced000 	C:\Windows\System32\SHCORE.dll
0x00007ffb019f0000 - 0x00007ffb01a45000 	C:\Windows\System32\shlwapi.dll
0x00007ffaffe40000 - 0x00007ffaffe5f000 	C:\Windows\SYSTEM32\profapi.dll
0x00007ffae60f0000 - 0x00007ffae6109000 	C:\Program Files\Microsoft\jdk-11.0.18.10-hotspot\bin\net.dll
0x00007ffaf9920000 - 0x00007ffaf9a2a000 	C:\Windows\SYSTEM32\WINHTTP.dll
0x00007ffaff6c0000 - 0x00007ffaff72a000 	C:\Windows\system32\mswsock.dll
0x00007ffaddc80000 - 0x00007ffaddc93000 	C:\Program Files\Microsoft\jdk-11.0.18.10-hotspot\bin\nio.dll
0x00007ffad0150000 - 0x00007ffad0177000 	C:\Users\HamzaTabani\.gradle\native\e1d6ef7f7dcc3fd88c89a11ec53ec762bb8ba0a96d01ffa2cd45eb1d1d8dd5c5\windows-amd64\native-platform.dll
0x00007ffa965a0000 - 0x00007ffa966e4000 	C:\Users\HamzaTabani\.gradle\native\0d407fdbe67a94daf76414ababcb853783967236a71b16ec16e742cd7a986fd3\windows-amd64\native-platform-file-events.dll
0x00007ffaedb80000 - 0x00007ffaedb89000 	C:\Program Files\Microsoft\jdk-11.0.18.10-hotspot\bin\management.dll
0x00007ffaeda90000 - 0x00007ffaeda9b000 	C:\Program Files\Microsoft\jdk-11.0.18.10-hotspot\bin\management_ext.dll
0x00007ffaff8c0000 - 0x00007ffaff8d8000 	C:\Windows\SYSTEM32\CRYPTSP.dll
0x00007ffafef00000 - 0x00007ffafef34000 	C:\Windows\system32\rsaenh.dll
0x00007ffafff80000 - 0x00007ffafffa7000 	C:\Windows\System32\bcrypt.dll
0x00007ffaffe00000 - 0x00007ffaffe2e000 	C:\Windows\SYSTEM32\USERENV.dll
0x00007ffaff8b0000 - 0x00007ffaff8bc000 	C:\Windows\SYSTEM32\CRYPTBASE.dll
0x00007ffaff340000 - 0x00007ffaff37c000 	C:\Windows\SYSTEM32\IPHLPAPI.DLL
0x00007ffb02210000 - 0x00007ffb02218000 	C:\Windows\System32\NSI.dll
0x00007ffafabf0000 - 0x00007ffafac07000 	C:\Windows\SYSTEM32\dhcpcsvc6.DLL
0x00007ffafabd0000 - 0x00007ffafabed000 	C:\Windows\SYSTEM32\dhcpcsvc.DLL
0x00007ffaff380000 - 0x00007ffaff44b000 	C:\Windows\SYSTEM32\DNSAPI.dll
0x00007ffaf2250000 - 0x00007ffaf225e000 	C:\Program Files\Microsoft\jdk-11.0.18.10-hotspot\bin\sunmscapi.dll
0x00007ffb00450000 - 0x00007ffb005a6000 	C:\Windows\System32\CRYPT32.dll
0x00007ffaff9d0000 - 0x00007ffaff9f8000 	C:\Windows\SYSTEM32\ncrypt.dll
0x00007ffaff990000 - 0x00007ffaff9cb000 	C:\Windows\SYSTEM32\NTASN1.dll
0x00007ffade210000 - 0x00007ffade235000 	C:\Program Files\Microsoft\jdk-11.0.18.10-hotspot\bin\sunec.dll
0x00007ffaf8240000 - 0x00007ffaf824a000 	C:\Windows\System32\rasadhlp.dll
0x00007ffaf9030000 - 0x00007ffaf90b0000 	C:\Windows\System32\fwpuclnt.dll

dbghelp: loaded successfully - version: 4.0.5 - missing functions: none
symbol engine: initialized successfully - sym options: 0x614 - pdb path: .;C:\Program Files\Microsoft\jdk-11.0.18.10-hotspot\bin;C:\Windows\SYSTEM32;C:\Windows\WinSxS\amd64_microsoft.windows.common-controls_6595b64144ccf1df_6.0.19041.1110_none_60b5254171f9507e;C:\Program Files\Microsoft\jdk-11.0.18.10-hotspot\bin\server;C:\Users\HamzaTabani\.gradle\native\e1d6ef7f7dcc3fd88c89a11ec53ec762bb8ba0a96d01ffa2cd45eb1d1d8dd5c5\windows-amd64;C:\Users\HamzaTabani\.gradle\native\0d407fdbe67a94daf76414ababcb853783967236a71b16ec16e742cd7a986fd3\windows-amd64

VM Arguments:
jvm_args: -XX:MaxMetaspaceSize=512m --add-opens=java.base/java.util=ALL-UNNAMED --add-opens=java.base/java.lang=ALL-UNNAMED --add-opens=java.base/java.lang.invoke=ALL-UNNAMED --add-opens=java.base/java.util=ALL-UNNAMED --add-opens=java.prefs/java.util.prefs=ALL-UNNAMED --add-opens=java.prefs/java.util.prefs=ALL-UNNAMED --add-opens=java.base/java.nio.charset=ALL-UNNAMED --add-opens=java.base/java.net=ALL-UNNAMED --add-opens=java.base/java.util.concurrent.atomic=ALL-UNNAMED -Xmx2048m -Dfile.encoding=windows-1252 -Duser.country=US -Duser.language=en -Duser.variant 
java_command: org.gradle.launcher.daemon.bootstrap.GradleDaemon 7.5.1
java_class_path (initial): C:\Users\HamzaTabani\.gradle\wrapper\dists\gradle-7.5.1-all\1ehga6e77gqps5uk2kc5kf1vc\gradle-7.5.1\lib\gradle-launcher-7.5.1.jar
Launcher Type: SUN_STANDARD

[Global flags]
     intx CICompilerCount                          = 4                                         {product} {ergonomic}
   size_t CompressedClassSpaceSize                 = 528482304                                 {product} {ergonomic}
     uint ConcGCThreads                            = 2                                         {product} {ergonomic}
     uint G1ConcRefinementThreads                  = 8                                         {product} {ergonomic}
   size_t G1HeapRegionSize                         = 1048576                                   {product} {ergonomic}
    uintx GCDrainStackTargetSize                   = 64                                        {product} {ergonomic}
   size_t InitialHeapSize                          = 266338304                                 {product} {ergonomic}
   size_t MarkStackSize                            = 4194304                                   {product} {ergonomic}
   size_t MaxHeapSize                              = 2147483648                                {product} {command line}
   size_t MaxMetaspaceSize                         = 536870912                                 {product} {command line}
   size_t MaxNewSize                               = 1287651328                                {product} {ergonomic}
   size_t MinHeapDeltaBytes                        = 1048576                                   {product} {ergonomic}
    uintx NonNMethodCodeHeapSize                   = 5836300                                {pd product} {ergonomic}
    uintx NonProfiledCodeHeapSize                  = 122910970                              {pd product} {ergonomic}
    uintx ProfiledCodeHeapSize                     = 122910970                              {pd product} {ergonomic}
    uintx ReservedCodeCacheSize                    = 251658240                              {pd product} {ergonomic}
     bool SegmentedCodeCache                       = true                                      {product} {ergonomic}
     bool UseCompressedClassPointers               = true                                 {lp64_product} {ergonomic}
     bool UseCompressedOops                        = true                                 {lp64_product} {ergonomic}
     bool UseG1GC                                  = true                                      {product} {ergonomic}
     bool UseLargePagesIndividualAllocation        = false                                  {pd product} {ergonomic}

Logging:
Log output configuration:
 #0: stdout all=warning uptime,level,tags
 #1: stderr all=off uptime,level,tags

Environment Variables:
JAVA_HOME=C:\Program Files\Microsoft\jdk-11.0.18.10-hotspot\
CLASSPATH=D:\Muhammad Hamza Tabani\Apps\CreatorsHub\android\\gradle\wrapper\gradle-wrapper.jar
PATH=D:\Muhammad Hamza Tabani\Apps\CreatorsHub\android\node_modules\.bin;D:\Muhammad Hamza Tabani\Apps\CreatorsHub\node_modules\.bin;D:\Muhammad Hamza Tabani\Apps\node_modules\.bin;D:\Muhammad Hamza Tabani\node_modules\.bin;D:\node_modules\.bin;C:\Program Files\nodejs;D:\Muhammad Hamza Tabani\Apps\CreatorsHub\node_modules\.bin;D:\Muhammad Hamza Tabani\Apps\CreatorsHub\node_modules\.bin;D:\Muhammad Hamza Tabani\Apps\node_modules\.bin;D:\Muhammad Hamza Tabani\node_modules\.bin;D:\node_modules\.bin;C:\Users\HamzaTabani\AppData\Roaming\npm\node_modules\npm\node_modules\@npmcli\run-script\lib\node-gyp-bin;C:\Program Files\Microsoft\jdk-11.0.18.10-hotspot\bin;C:\Windows\system32;C:\Windows;C:\Windows\System32\Wbem;C:\Windows\System32\WindowsPowerShell\v1.0\;C:\Windows\System32\OpenSSH\;C:\ProgramData\chocolatey\bin;C:\Program Files\nodejs\;C:\Users\HamzaTabani\AppData\Local\Microsoft\WindowsApps;C:\Users\HamzaTabani\AppData\Local\GitHubDesktop\bin;C:\Users\HamzaTabani\AppData\Local\Programs\Git\cmd;C:\Users\HamzaTabani\AppData\Local\Programs\Microsoft VS Code\bin;C:\Users\HamzaTabani\AppData\Local\Android\Sdk\platform-tools;
USERNAME=HamzaTabani
LANG=en_US.UTF-8
OS=Windows_NT
PROCESSOR_IDENTIFIER=Intel64 Family 6 Model 60 Stepping 3, GenuineIntel
TMP=C:\Users\HAMZAT~1\AppData\Local\Temp
TEMP=C:\Users\HAMZAT~1\AppData\Local\Temp



---------------  S Y S T E M  ---------------

OS: Windows 10 , 64 bit Build 19041 (10.0.19041.2788)
OS uptime: 0 days 1:37 hours

CPU:total 8 (initial active 8) (4 cores per cpu, 2 threads per core) family 6 model 60 stepping 3 microcode 0x27, cmov, cx8, fxsr, mmx, sse, sse2, sse3, ssse3, sse4.1, sse4.2, popcnt, avx, avx2, clmul, erms, lzcnt, ht, tsc, tscinvbit, bmi1, bmi2, fma

Memory: 4k page, system-wide physical 16255M (9461M free)
TotalPageFile size 18687M (AvailPageFile size 11819M)
current process WorkingSet (physical memory assigned to process): 393M, peak: 393M
current process commit charge ("private bytes"): 500M, peak: 500M

vm_info: OpenJDK 64-Bit Server VM (11.0.18+10-LTS) for windows-amd64 JRE (11.0.18+10-LTS), built on Jan 18 2023 15:56:47 by "MicrosoftCorporation" with MS VC++ 15.9 (VS2017)

END.
